# JRE version: OpenJDK Runtime Environment (17.0.6) (build 17.0.6+0-b2043.56-9586694)
# Java VM: OpenJDK 64-Bit Server VM (17.0.6+0-b2043.56-9586694, mixed mode, tiered, compressed oops, compressed class ptrs, g1 gc, windows-amd64)
GC Precious Log:
 CPUs: 8 total, 8 available
 Memory: 7959M
 Large Page Support: Disabled
 NUMA Support: Disabled
 Compressed Oops: Enabled (32-bit)
 Heap Region Size: 1M
 Heap Min Capacity: 8M
 Heap Initial Capacity: 126M
 Heap Max Capacity: 2G
 Pre-touch: Disabled
 Parallel Workers: 8
 Concurrent Workers: 2
 Concurrent Refinement Workers: 8
 Periodic GC: Disabled
Heap:
 garbage-first heap   total 314368K, used 184166K [0x0000000080000000, 0x0000000100000000)
  region size 1024K, 5 young (5120K), 5 survivors (5120K)
 Metaspace       used 96576K, committed 97472K, reserved 1138688K
  class space    used 12992K, committed 13376K, reserved 1048576K
GC Heap History (20 events):
Event: 9.861 GC heap after
{Heap after GC invocations=41 (full 0):
 garbage-first heap   total 222208K, used 126218K [0x0000000080000000, 0x0000000100000000)
  region size 1024K, 4 young (4096K), 4 survivors (4096K)
 Metaspace       used 75518K, committed 76160K, reserved 1122304K
  class space    used 10294K, committed 10560K, reserved 1048576K
}
Event: 10.269 GC heap before
{Heap before GC invocations=42 (full 0):
 garbage-first heap   total 230400K, used 168202K [0x0000000080000000, 0x0000000100000000)
  region size 1024K, 46 young (47104K), 4 survivors (4096K)
 Metaspace       used 77532K, committed 78272K, reserved 1122304K
  class space    used 10583K, committed 10944K, reserved 1048576K
}
Event: 10.275 GC heap after
{Heap after GC invocations=43 (full 0):
 garbage-first heap   total 230400K, used 131159K [0x0000000080000000, 0x0000000100000000)
  region size 1024K, 7 young (7168K), 7 survivors (7168K)
 Metaspace       used 77532K, committed 78272K, reserved 1122304K
  class space    used 10583K, committed 10944K, reserved 1048576K
}
Event: 10.350 GC heap before
{Heap before GC invocations=44 (full 0):
 garbage-first heap   total 260096K, used 154711K [0x0000000080000000, 0x0000000100000000)
  region size 1024K, 10 young (10240K), 7 survivors (7168K)
 Metaspace       used 77532K, committed 78272K, reserved 1122304K
  class space    used 10583K, committed 10944K, reserved 1048576K
}
Event: 10.355 GC heap after
{Heap after GC invocations=45 (full 0):
 garbage-first heap   total 260096K, used 156472K [0x0000000080000000, 0x0000000100000000)
  region size 1024K, 7 young (7168K), 7 survivors (7168K)
 Metaspace       used 77532K, committed 78272K, reserved 1122304K
  class space    used 10583K, committed 10944K, reserved 1048576K
}
Event: 10.953 GC heap before
{Heap before GC invocations=46 (full 0):
 garbage-first heap   total 280576K, used 196408K [0x0000000080000000, 0x0000000100000000)
  region size 1024K, 40 young (40960K), 7 survivors (7168K)
 Metaspace       used 80834K, committed 81600K, reserved 1122304K
  class space    used 11088K, committed 11456K, reserved 1048576K
}
Event: 10.960 GC heap after
{Heap after GC invocations=47 (full 0):
 garbage-first heap   total 280576K, used 167545K [0x0000000080000000, 0x0000000100000000)
  region size 1024K, 5 young (5120K), 5 survivors (5120K)
 Metaspace       used 80834K, committed 81600K, reserved 1122304K
  class space    used 11088K, committed 11456K, reserved 1048576K
}
Event: 11.092 GC heap before
{Heap before GC invocations=47 (full 0):
 garbage-first heap   total 280576K, used 180857K [0x0000000080000000, 0x0000000100000000)
  region size 1024K, 20 young (20480K), 5 survivors (5120K)
 Metaspace       used 81592K, committed 82304K, reserved 1122304K
  class space    used 11168K, committed 11520K, reserved 1048576K
}
Event: 11.095 GC heap after
{Heap after GC invocations=48 (full 0):
 garbage-first heap   total 280576K, used 168986K [0x0000000080000000, 0x0000000100000000)
  region size 1024K, 5 young (5120K), 5 survivors (5120K)
 Metaspace       used 81592K, committed 82304K, reserved 1122304K
  class space    used 11168K, committed 11520K, reserved 1048576K
}
Event: 11.845 GC heap before
{Heap before GC invocations=49 (full 0):
 garbage-first heap   total 290816K, used 211994K [0x0000000080000000, 0x0000000100000000)
  region size 1024K, 46 young (47104K), 5 survivors (5120K)
 Metaspace       used 88622K, committed 89408K, reserved 1130496K
  class space    used 12063K, committed 12416K, reserved 1048576K
}
Event: 11.850 GC heap after
{Heap after GC invocations=50 (full 0):
 garbage-first heap   total 290816K, used 170824K [0x0000000080000000, 0x0000000100000000)
  region size 1024K, 4 young (4096K), 4 survivors (4096K)
 Metaspace       used 88622K, committed 89408K, reserved 1130496K
  class space    used 12063K, committed 12416K, reserved 1048576K
}
Event: 11.986 GC heap before
{Heap before GC invocations=50 (full 0):
 garbage-first heap   total 290816K, used 180040K [0x0000000080000000, 0x0000000100000000)
  region size 1024K, 14 young (14336K), 4 survivors (4096K)
 Metaspace       used 89539K, committed 90304K, reserved 1130496K
  class space    used 12247K, committed 12608K, reserved 1048576K
}
Event: 11.991 GC heap after
{Heap after GC invocations=51 (full 0):
 garbage-first heap   total 290816K, used 171501K [0x0000000080000000, 0x0000000100000000)
  region size 1024K, 2 young (2048K), 2 survivors (2048K)
 Metaspace       used 89539K, committed 90304K, reserved 1130496K
  class space    used 12247K, committed 12608K, reserved 1048576K
}
Event: 12.668 GC heap before
{Heap before GC invocations=51 (full 0):
 garbage-first heap   total 290816K, used 220653K [0x0000000080000000, 0x0000000100000000)
  region size 1024K, 50 young (51200K), 2 survivors (2048K)
 Metaspace       used 93680K, committed 94400K, reserved 1138688K
  class space    used 12673K, committed 12992K, reserved 1048576K
}
Event: 12.674 GC heap after
{Heap after GC invocations=52 (full 0):
 garbage-first heap   total 290816K, used 176601K [0x0000000080000000, 0x0000000100000000)
  region size 1024K, 7 young (7168K), 7 survivors (7168K)
 Metaspace       used 93680K, committed 94400K, reserved 1138688K
  class space    used 12673K, committed 12992K, reserved 1048576K
}
Event: 13.066 GC heap before
{Heap before GC invocations=53 (full 0):
 garbage-first heap   total 314368K, used 223705K [0x0000000080000000, 0x0000000100000000)
  region size 1024K, 54 young (55296K), 7 survivors (7168K)
 Metaspace       used 94068K, committed 94912K, reserved 1138688K
  class space    used 12689K, committed 13056K, reserved 1048576K
}
Event: 13.074 GC heap after
{Heap after GC invocations=54 (full 0):
 garbage-first heap   total 314368K, used 179699K [0x0000000080000000, 0x0000000100000000)
  region size 1024K, 4 young (4096K), 4 survivors (4096K)
 Metaspace       used 94068K, committed 94912K, reserved 1138688K
  class space    used 12689K, committed 13056K, reserved 1048576K
}
Event: 13.205 GC heap before
{Heap before GC invocations=54 (full 0):
 garbage-first heap   total 314368K, used 190963K [0x0000000080000000, 0x0000000100000000)
  region size 1024K, 15 young (15360K), 4 survivors (4096K)
 Metaspace       used 94399K, committed 95168K, reserved 1138688K
  class space    used 12719K, committed 13056K, reserved 1048576K
}
Event: 13.208 GC heap after
{Heap after GC invocations=55 (full 0):
 garbage-first heap   total 314368K, used 180957K [0x0000000080000000, 0x0000000100000000)
  region size 1024K, 2 young (2048K), 2 survivors (2048K)
 Metaspace       used 94399K, committed 95168K, reserved 1138688K
  class space    used 12719K, committed 13056K, reserved 1048576K
}
Event: 13.875 GC heap before
{Heap before GC invocations=55 (full 0):
 garbage-first heap   total 314368K, used 245469K [0x0000000080000000, 0x0000000100000000)
  region size 1024K, 65 young (66560K), 2 survivors (2048K)
 Metaspace       used 96576K, committed 97472K, reserved 1138688K
  class space    used 12992K, committed 13376K, reserved 1048576K
}

