# JRE version: OpenJDK Runtime Environment (17.0.6) (build 17.0.6+0-b2043.56-9586694)
# Java VM: OpenJDK 64-Bit Server VM (17.0.6+0-b2043.56-9586694, mixed mode, tiered, compressed oops, compressed class ptrs, g1 gc, windows-amd64)
GC Precious Log:
 CPUs: 8 total, 8 available
 Memory: 7959M
 Large Page Support: Disabled
 NUMA Support: Disabled
 Compressed Oops: Enabled (32-bit)
 Heap Region Size: 1M
 Heap Min Capacity: 8M
 Heap Initial Capacity: 126M
 Heap Max Capacity: 2G
 Pre-touch: Disabled
 Parallel Workers: 8
 Concurrent Workers: 2
 Concurrent Refinement Workers: 8
 Periodic GC: Disabled
Heap:
 garbage-first heap   total 107520K, used 66559K [0x0000000080000000, 0x0000000100000000)
  region size 1024K, 3 young (3072K), 2 survivors (2048K)
 Metaspace       used 42747K, committed 43200K, reserved 1089536K
  class space    used 5621K, committed 5824K, reserved 1048576K
GC Heap History (20 events):
Event: 0.985 GC heap before
{Heap before GC invocations=1 (full 0):
 garbage-first heap   total 129024K, used 41152K [0x0000000080000000, 0x0000000100000000)
  region size 1024K, 32 young (32768K), 3 survivors (3072K)
 Metaspace       used 11217K, committed 11456K, reserved 1064960K
  class space    used 1162K, committed 1280K, reserved 1048576K
}
Event: 0.990 GC heap after
{Heap after GC invocations=2 (full 0):
 garbage-first heap   total 129024K, used 14986K [0x0000000080000000, 0x0000000100000000)
  region size 1024K, 4 young (4096K), 4 survivors (4096K)
 Metaspace       used 11217K, committed 11456K, reserved 1064960K
  class space    used 1162K, committed 1280K, reserved 1048576K
}
Event: 1.992 GC heap before
{Heap before GC invocations=2 (full 0):
 garbage-first heap   total 129024K, used 50826K [0x0000000080000000, 0x0000000100000000)
  region size 1024K, 40 young (40960K), 4 survivors (4096K)
 Metaspace       used 21304K, committed 21504K, reserved 1073152K
  class space    used 2573K, committed 2688K, reserved 1048576K
}
Event: 1.997 GC heap after
{Heap after GC invocations=3 (full 0):
 garbage-first heap   total 129024K, used 18926K [0x0000000080000000, 0x0000000100000000)
  region size 1024K, 8 young (8192K), 8 survivors (8192K)
 Metaspace       used 21304K, committed 21504K, reserved 1073152K
  class space    used 2573K, committed 2688K, reserved 1048576K
}
Event: 2.523 GC heap before
{Heap before GC invocations=4 (full 0):
 garbage-first heap   total 68608K, used 51694K [0x0000000080000000, 0x0000000100000000)
  region size 1024K, 40 young (40960K), 8 survivors (8192K)
 Metaspace       used 26303K, committed 26560K, reserved 1073152K
  class space    used 3452K, committed 3584K, reserved 1048576K
}
Event: 2.529 GC heap after
{Heap after GC invocations=5 (full 0):
 garbage-first heap   total 68608K, used 21424K [0x0000000080000000, 0x0000000100000000)
  region size 1024K, 3 young (3072K), 3 survivors (3072K)
 Metaspace       used 26303K, committed 26560K, reserved 1073152K
  class space    used 3452K, committed 3584K, reserved 1048576K
}
Event: 2.909 GC heap before
{Heap before GC invocations=5 (full 0):
 garbage-first heap   total 68608K, used 52144K [0x0000000080000000, 0x0000000100000000)
  region size 1024K, 25 young (25600K), 3 survivors (3072K)
 Metaspace       used 29340K, committed 29696K, reserved 1081344K
  class space    used 3986K, committed 4160K, reserved 1048576K
}
Event: 2.913 GC heap after
{Heap after GC invocations=6 (full 0):
 garbage-first heap   total 68608K, used 35687K [0x0000000080000000, 0x0000000100000000)
  region size 1024K, 4 young (4096K), 4 survivors (4096K)
 Metaspace       used 29340K, committed 29696K, reserved 1081344K
  class space    used 3986K, committed 4160K, reserved 1048576K
}
Event: 2.952 GC heap before
{Heap before GC invocations=7 (full 0):
 garbage-first heap   total 80896K, used 47975K [0x0000000080000000, 0x0000000100000000)
  region size 1024K, 5 young (5120K), 4 survivors (4096K)
 Metaspace       used 29374K, committed 29760K, reserved 1081344K
  class space    used 3995K, committed 4160K, reserved 1048576K
}
Event: 2.954 GC heap after
{Heap after GC invocations=8 (full 0):
 garbage-first heap   total 97280K, used 48339K [0x0000000080000000, 0x0000000100000000)
  region size 1024K, 1 young (1024K), 1 survivors (1024K)
 Metaspace       used 29374K, committed 29760K, reserved 1081344K
  class space    used 3995K, committed 4160K, reserved 1048576K
}
Event: 3.338 GC heap before
{Heap before GC invocations=9 (full 0):
 garbage-first heap   total 97280K, used 78035K [0x0000000080000000, 0x0000000100000000)
  region size 1024K, 23 young (23552K), 1 survivors (1024K)
 Metaspace       used 32411K, committed 32768K, reserved 1081344K
  class space    used 4481K, committed 4672K, reserved 1048576K
}
Event: 3.340 GC heap after
{Heap after GC invocations=10 (full 0):
 garbage-first heap   total 97280K, used 56337K [0x0000000080000000, 0x0000000100000000)
  region size 1024K, 2 young (2048K), 2 survivors (2048K)
 Metaspace       used 32411K, committed 32768K, reserved 1081344K
  class space    used 4481K, committed 4672K, reserved 1048576K
}
Event: 3.618 GC heap before
{Heap before GC invocations=10 (full 0):
 garbage-first heap   total 97280K, used 74769K [0x0000000080000000, 0x0000000100000000)
  region size 1024K, 20 young (20480K), 2 survivors (2048K)
 Metaspace       used 35296K, committed 35648K, reserved 1081344K
  class space    used 4911K, committed 5056K, reserved 1048576K
}
Event: 3.620 GC heap after
{Heap after GC invocations=11 (full 0):
 garbage-first heap   total 97280K, used 57142K [0x0000000080000000, 0x0000000100000000)
  region size 1024K, 3 young (3072K), 3 survivors (3072K)
 Metaspace       used 35296K, committed 35648K, reserved 1081344K
  class space    used 4911K, committed 5056K, reserved 1048576K
}
Event: 3.989 GC heap before
{Heap before GC invocations=12 (full 0):
 garbage-first heap   total 101376K, used 75574K [0x0000000080000000, 0x0000000100000000)
  region size 1024K, 22 young (22528K), 3 survivors (3072K)
 Metaspace       used 41157K, committed 41536K, reserved 1089536K
  class space    used 5530K, committed 5696K, reserved 1048576K
}
Event: 3.993 GC heap after
{Heap after GC invocations=13 (full 0):
 garbage-first heap   total 101376K, used 59573K [0x0000000080000000, 0x0000000100000000)
  region size 1024K, 3 young (3072K), 3 survivors (3072K)
 Metaspace       used 41157K, committed 41536K, reserved 1089536K
  class space    used 5530K, committed 5696K, reserved 1048576K
}
Event: 4.106 GC heap before
{Heap before GC invocations=13 (full 0):
 garbage-first heap   total 101376K, used 81077K [0x0000000080000000, 0x0000000100000000)
  region size 1024K, 24 young (24576K), 3 survivors (3072K)
 Metaspace       used 41730K, committed 42176K, reserved 1089536K
  class space    used 5577K, committed 5760K, reserved 1048576K
}
Event: 4.109 GC heap after
{Heap after GC invocations=14 (full 0):
 garbage-first heap   total 101376K, used 62295K [0x0000000080000000, 0x0000000100000000)
  region size 1024K, 3 young (3072K), 3 survivors (3072K)
 Metaspace       used 41730K, committed 42176K, reserved 1089536K
  class space    used 5577K, committed 5760K, reserved 1048576K
}
Event: 4.158 GC heap before
{Heap before GC invocations=15 (full 0):
 garbage-first heap   total 107520K, used 65367K [0x0000000080000000, 0x0000000100000000)
  region size 1024K, 8 young (8192K), 3 survivors (3072K)
 Metaspace       used 42102K, committed 42560K, reserved 1089536K
  class space    used 5618K, committed 5824K, reserved 1048576K
}
Event: 4.160 GC heap after
{Heap after GC invocations=16 (full 0):
 garbage-first heap   total 107520K, used 63487K [0x0000000080000000, 0x0000000100000000)
  region size 1024K, 2 young (2048K), 2 survivors (2048K)
 Metaspace       used 42102K, committed 42560K, reserved 1089536K
  class space    used 5618K, committed 5824K, reserved 1048576K
}

