# JRE version: OpenJDK Runtime Environment (17.0.6) (build 17.0.6+0-b2043.56-9586694)
# Java VM: OpenJDK 64-Bit Server VM (17.0.6+0-b2043.56-9586694, mixed mode, tiered, compressed oops, compressed class ptrs, g1 gc, windows-amd64)
GC Precious Log:
 CPUs: 8 total, 8 available
 Memory: 7959M
 Large Page Support: Disabled
 NUMA Support: Disabled
 Compressed Oops: Enabled (32-bit)
 Heap Region Size: 1M
 Heap Min Capacity: 8M
 Heap Initial Capacity: 126M
 Heap Max Capacity: 2G
 Pre-touch: Disabled
 Parallel Workers: 8
 Concurrent Workers: 2
 Concurrent Refinement Workers: 8
 Periodic GC: Disabled
Heap:
 garbage-first heap   total 151552K, used 102322K [0x0000000080000000, 0x0000000100000000)
  region size 1024K, 35 young (35840K), 1 survivors (1024K)
 Metaspace       used 81816K, committed 82432K, reserved 1122304K
  class space    used 11171K, committed 11456K, reserved 1048576K
GC Heap History (20 events):
Event: 8.185 GC heap before
{Heap before GC invocations=22 (full 0):
 garbage-first heap   total 83968K, used 61974K [0x0000000080000000, 0x0000000100000000)
  region size 1024K, 16 young (16384K), 1 survivors (1024K)
 Metaspace       used 60399K, committed 60928K, reserved 1105920K
  class space    used 8002K, committed 8192K, reserved 1048576K
}
Event: 8.188 GC heap after
{Heap after GC invocations=23 (full 0):
 garbage-first heap   total 83968K, used 47443K [0x0000000080000000, 0x0000000100000000)
  region size 1024K, 2 young (2048K), 2 survivors (2048K)
 Metaspace       used 60399K, committed 60928K, reserved 1105920K
  class space    used 8002K, committed 8192K, reserved 1048576K
}
Event: 8.405 GC heap before
{Heap before GC invocations=24 (full 0):
 garbage-first heap   total 83968K, used 56659K [0x0000000080000000, 0x0000000100000000)
  region size 1024K, 13 young (13312K), 2 survivors (2048K)
 Metaspace       used 62439K, committed 62976K, reserved 1105920K
  class space    used 8259K, committed 8512K, reserved 1048576K
}
Event: 8.408 GC heap after
{Heap after GC invocations=25 (full 0):
 garbage-first heap   total 83968K, used 48962K [0x0000000080000000, 0x0000000100000000)
  region size 1024K, 3 young (3072K), 3 survivors (3072K)
 Metaspace       used 62439K, committed 62976K, reserved 1105920K
  class space    used 8259K, committed 8512K, reserved 1048576K
}
Event: 8.562 GC heap before
{Heap before GC invocations=26 (full 0):
 garbage-first heap   total 104448K, used 70466K [0x0000000080000000, 0x0000000100000000)
  region size 1024K, 19 young (19456K), 3 survivors (3072K)
 Metaspace       used 63049K, committed 63552K, reserved 1105920K
  class space    used 8357K, committed 8576K, reserved 1048576K
}
Event: 8.566 GC heap after
{Heap after GC invocations=27 (full 0):
 garbage-first heap   total 125952K, used 50606K [0x0000000080000000, 0x0000000100000000)
  region size 1024K, 3 young (3072K), 3 survivors (3072K)
 Metaspace       used 63049K, committed 63552K, reserved 1105920K
  class space    used 8357K, committed 8576K, reserved 1048576K
}
Event: 9.120 GC heap before
{Heap before GC invocations=27 (full 0):
 garbage-first heap   total 125952K, used 85422K [0x0000000080000000, 0x0000000100000000)
  region size 1024K, 37 young (37888K), 3 survivors (3072K)
 Metaspace       used 66326K, committed 66816K, reserved 1114112K
  class space    used 8748K, committed 8960K, reserved 1048576K
}
Event: 9.124 GC heap after
{Heap after GC invocations=28 (full 0):
 garbage-first heap   total 125952K, used 53607K [0x0000000080000000, 0x0000000100000000)
  region size 1024K, 5 young (5120K), 5 survivors (5120K)
 Metaspace       used 66326K, committed 66816K, reserved 1114112K
  class space    used 8748K, committed 8960K, reserved 1048576K
}
Event: 9.588 GC heap before
{Heap before GC invocations=28 (full 0):
 garbage-first heap   total 125952K, used 90471K [0x0000000080000000, 0x0000000100000000)
  region size 1024K, 40 young (40960K), 5 survivors (5120K)
 Metaspace       used 67662K, committed 68288K, reserved 1114112K
  class space    used 8940K, committed 9216K, reserved 1048576K
}
Event: 9.595 GC heap after
{Heap after GC invocations=29 (full 0):
 garbage-first heap   total 125952K, used 56383K [0x0000000080000000, 0x0000000100000000)
  region size 1024K, 3 young (3072K), 3 survivors (3072K)
 Metaspace       used 67662K, committed 68288K, reserved 1114112K
  class space    used 8940K, committed 9216K, reserved 1048576K
}
Event: 9.998 GC heap before
{Heap before GC invocations=29 (full 0):
 garbage-first heap   total 125952K, used 92223K [0x0000000080000000, 0x0000000100000000)
  region size 1024K, 38 young (38912K), 3 survivors (3072K)
 Metaspace       used 69679K, committed 70208K, reserved 1114112K
  class space    used 9229K, committed 9472K, reserved 1048576K
}
Event: 10.002 GC heap after
{Heap after GC invocations=30 (full 0):
 garbage-first heap   total 125952K, used 59258K [0x0000000080000000, 0x0000000100000000)
  region size 1024K, 5 young (5120K), 5 survivors (5120K)
 Metaspace       used 69679K, committed 70208K, reserved 1114112K
  class space    used 9229K, committed 9472K, reserved 1048576K
}
Event: 10.567 GC heap before
{Heap before GC invocations=30 (full 0):
 garbage-first heap   total 125952K, used 95098K [0x0000000080000000, 0x0000000100000000)
  region size 1024K, 40 young (40960K), 5 survivors (5120K)
 Metaspace       used 73602K, committed 74240K, reserved 1114112K
  class space    used 9966K, committed 10240K, reserved 1048576K
}
Event: 10.572 GC heap after
{Heap after GC invocations=31 (full 0):
 garbage-first heap   total 125952K, used 62394K [0x0000000080000000, 0x0000000100000000)
  region size 1024K, 3 young (3072K), 3 survivors (3072K)
 Metaspace       used 73602K, committed 74240K, reserved 1114112K
  class space    used 9966K, committed 10240K, reserved 1048576K
}
Event: 10.808 GC heap before
{Heap before GC invocations=31 (full 0):
 garbage-first heap   total 125952K, used 97210K [0x0000000080000000, 0x0000000100000000)
  region size 1024K, 37 young (37888K), 3 survivors (3072K)
 Metaspace       used 74488K, committed 75072K, reserved 1114112K
  class space    used 10098K, committed 10368K, reserved 1048576K
}
Event: 10.813 GC heap after
{Heap after GC invocations=32 (full 0):
 garbage-first heap   total 125952K, used 65838K [0x0000000080000000, 0x0000000100000000)
  region size 1024K, 5 young (5120K), 5 survivors (5120K)
 Metaspace       used 74488K, committed 75072K, reserved 1114112K
  class space    used 10098K, committed 10368K, reserved 1048576K
}
Event: 11.259 GC heap before
{Heap before GC invocations=33 (full 0):
 garbage-first heap   total 125952K, used 98606K [0x0000000080000000, 0x0000000100000000)
  region size 1024K, 37 young (37888K), 5 survivors (5120K)
 Metaspace       used 77947K, committed 78528K, reserved 1122304K
  class space    used 10619K, committed 10880K, reserved 1048576K
}
Event: 11.264 GC heap after
{Heap after GC invocations=34 (full 0):
 garbage-first heap   total 125952K, used 68471K [0x0000000080000000, 0x0000000100000000)
  region size 1024K, 3 young (3072K), 3 survivors (3072K)
 Metaspace       used 77947K, committed 78528K, reserved 1122304K
  class space    used 10619K, committed 10880K, reserved 1048576K
}
Event: 11.309 GC heap before
{Heap before GC invocations=34 (full 0):
 garbage-first heap   total 125952K, used 71543K [0x0000000080000000, 0x0000000100000000)
  region size 1024K, 6 young (6144K), 3 survivors (3072K)
 Metaspace       used 78397K, committed 78976K, reserved 1122304K
  class space    used 10714K, committed 11008K, reserved 1048576K
}
Event: 11.312 GC heap after
{Heap after GC invocations=35 (full 0):
 garbage-first heap   total 151552K, used 68530K [0x0000000080000000, 0x0000000100000000)
  region size 1024K, 1 young (1024K), 1 survivors (1024K)
 Metaspace       used 78397K, committed 78976K, reserved 1122304K
  class space    used 10714K, committed 11008K, reserved 1048576K
}

