# JRE version: OpenJDK Runtime Environment (17.0.6) (build 17.0.6+0-b2043.56-9586694)
# Java VM: OpenJDK 64-Bit Server VM (17.0.6+0-b2043.56-9586694, mixed mode, tiered, compressed oops, compressed class ptrs, g1 gc, windows-amd64)
GC Precious Log:
 CPUs: 8 total, 8 available
 Memory: 7959M
 Large Page Support: Disabled
 NUMA Support: Disabled
 Compressed Oops: Enabled (32-bit)
 Heap Region Size: 1M
 Heap Min Capacity: 8M
 Heap Initial Capacity: 126M
 Heap Max Capacity: 2G
 Pre-touch: Disabled
 Parallel Workers: 8
 Concurrent Workers: 2
 Concurrent Refinement Workers: 8
 Periodic GC: Disabled
Heap:
 garbage-first heap   total 177152K, used 126661K [0x0000000080000000, 0x0000000100000000)
  region size 1024K, 36 young (36864K), 2 survivors (2048K)
 Metaspace       used 55173K, committed 55680K, reserved 1097728K
  class space    used 7326K, committed 7552K, reserved 1048576K
GC Heap History (20 events):
Event: 3.364 GC heap before
{Heap before GC invocations=11 (full 0):
 garbage-first heap   total 101376K, used 53761K [0x0000000080000000, 0x0000000100000000)
  region size 1024K, 2 young (2048K), 1 survivors (1024K)
 Metaspace       used 29396K, committed 29760K, reserved 1081344K
  class space    used 3996K, committed 4160K, reserved 1048576K
}
Event: 3.365 GC heap after
{Heap after GC invocations=12 (full 0):
 garbage-first heap   total 101376K, used 53727K [0x0000000080000000, 0x0000000100000000)
  region size 1024K, 1 young (1024K), 1 survivors (1024K)
 Metaspace       used 29396K, committed 29760K, reserved 1081344K
  class space    used 3996K, committed 4160K, reserved 1048576K
}
Event: 3.908 GC heap before
{Heap before GC invocations=13 (full 0):
 garbage-first heap   total 101376K, used 80351K [0x0000000080000000, 0x0000000100000000)
  region size 1024K, 26 young (26624K), 1 survivors (1024K)
 Metaspace       used 32734K, committed 33088K, reserved 1081344K
  class space    used 4536K, committed 4672K, reserved 1048576K
}
Event: 3.911 GC heap after
{Heap after GC invocations=14 (full 0):
 garbage-first heap   total 101376K, used 55950K [0x0000000080000000, 0x0000000100000000)
  region size 1024K, 2 young (2048K), 2 survivors (2048K)
 Metaspace       used 32734K, committed 33088K, reserved 1081344K
  class space    used 4536K, committed 4672K, reserved 1048576K
}
Event: 4.335 GC heap before
{Heap before GC invocations=14 (full 0):
 garbage-first heap   total 101376K, used 80526K [0x0000000080000000, 0x0000000100000000)
  region size 1024K, 26 young (26624K), 2 survivors (2048K)
 Metaspace       used 37315K, committed 37696K, reserved 1089536K
  class space    used 5137K, committed 5312K, reserved 1048576K
}
Event: 4.339 GC heap after
{Heap after GC invocations=15 (full 0):
 garbage-first heap   total 101376K, used 57787K [0x0000000080000000, 0x0000000100000000)
  region size 1024K, 4 young (4096K), 4 survivors (4096K)
 Metaspace       used 37315K, committed 37696K, reserved 1089536K
  class space    used 5137K, committed 5312K, reserved 1048576K
}
Event: 4.697 GC heap before
{Heap before GC invocations=16 (full 0):
 garbage-first heap   total 101376K, used 80315K [0x0000000080000000, 0x0000000100000000)
  region size 1024K, 27 young (27648K), 4 survivors (4096K)
 Metaspace       used 41658K, committed 42048K, reserved 1089536K
  class space    used 5576K, committed 5760K, reserved 1048576K
}
Event: 4.702 GC heap after
{Heap after GC invocations=17 (full 0):
 garbage-first heap   total 101376K, used 61230K [0x0000000080000000, 0x0000000100000000)
  region size 1024K, 4 young (4096K), 4 survivors (4096K)
 Metaspace       used 41658K, committed 42048K, reserved 1089536K
  class space    used 5576K, committed 5760K, reserved 1048576K
}
Event: 4.799 GC heap before
{Heap before GC invocations=17 (full 0):
 garbage-first heap   total 101376K, used 72494K [0x0000000080000000, 0x0000000100000000)
  region size 1024K, 17 young (17408K), 4 survivors (4096K)
 Metaspace       used 42132K, committed 42560K, reserved 1089536K
  class space    used 5622K, committed 5824K, reserved 1048576K
}
Event: 4.803 GC heap after
{Heap after GC invocations=18 (full 0):
 garbage-first heap   total 101376K, used 63511K [0x0000000080000000, 0x0000000100000000)
  region size 1024K, 3 young (3072K), 3 survivors (3072K)
 Metaspace       used 42132K, committed 42560K, reserved 1089536K
  class space    used 5622K, committed 5824K, reserved 1048576K
}
Event: 5.122 GC heap before
{Heap before GC invocations=19 (full 0):
 garbage-first heap   total 116736K, used 85015K [0x0000000080000000, 0x0000000100000000)
  region size 1024K, 21 young (21504K), 3 survivors (3072K)
 Metaspace       used 45043K, committed 45440K, reserved 1089536K
  class space    used 5967K, committed 6144K, reserved 1048576K
}
Event: 5.125 GC heap after
{Heap after GC invocations=20 (full 0):
 garbage-first heap   total 116736K, used 64565K [0x0000000080000000, 0x0000000100000000)
  region size 1024K, 2 young (2048K), 2 survivors (2048K)
 Metaspace       used 45043K, committed 45440K, reserved 1089536K
  class space    used 5967K, committed 6144K, reserved 1048576K
}
Event: 5.354 GC heap before
{Heap before GC invocations=20 (full 0):
 garbage-first heap   total 116736K, used 74805K [0x0000000080000000, 0x0000000100000000)
  region size 1024K, 13 young (13312K), 2 survivors (2048K)
 Metaspace       used 46069K, committed 46528K, reserved 1089536K
  class space    used 6129K, committed 6336K, reserved 1048576K
}
Event: 5.357 GC heap after
{Heap after GC invocations=21 (full 0):
 garbage-first heap   total 116736K, used 66205K [0x0000000080000000, 0x0000000100000000)
  region size 1024K, 3 young (3072K), 3 survivors (3072K)
 Metaspace       used 46069K, committed 46528K, reserved 1089536K
  class space    used 6129K, committed 6336K, reserved 1048576K
}
Event: 5.855 GC heap before
{Heap before GC invocations=22 (full 0):
 garbage-first heap   total 137216K, used 116381K [0x0000000080000000, 0x0000000100000000)
  region size 1024K, 31 young (31744K), 3 survivors (3072K)
 Metaspace       used 49716K, committed 50176K, reserved 1097728K
  class space    used 6585K, committed 6784K, reserved 1048576K
}
Event: 5.860 GC heap after
{Heap after GC invocations=23 (full 0):
 garbage-first heap   total 137216K, used 91268K [0x0000000080000000, 0x0000000100000000)
  region size 1024K, 4 young (4096K), 4 survivors (4096K)
 Metaspace       used 49716K, committed 50176K, reserved 1097728K
  class space    used 6585K, committed 6784K, reserved 1048576K
}
Event: 5.890 GC heap before
{Heap before GC invocations=23 (full 0):
 garbage-first heap   total 137216K, used 93316K [0x0000000080000000, 0x0000000100000000)
  region size 1024K, 6 young (6144K), 4 survivors (4096K)
 Metaspace       used 50154K, committed 50624K, reserved 1097728K
  class space    used 6652K, committed 6848K, reserved 1048576K
}
Event: 5.893 GC heap after
{Heap after GC invocations=24 (full 0):
 garbage-first heap   total 137216K, used 91710K [0x0000000080000000, 0x0000000100000000)
  region size 1024K, 1 young (1024K), 1 survivors (1024K)
 Metaspace       used 50154K, committed 50624K, reserved 1097728K
  class space    used 6652K, committed 6848K, reserved 1048576K
}
Event: 6.141 GC heap before
{Heap before GC invocations=24 (full 0):
 garbage-first heap   total 137216K, used 113214K [0x0000000080000000, 0x0000000100000000)
  region size 1024K, 23 young (23552K), 1 survivors (1024K)
 Metaspace       used 51821K, committed 52288K, reserved 1097728K
  class space    used 6889K, committed 7104K, reserved 1048576K
}
Event: 6.144 GC heap after
{Heap after GC invocations=25 (full 0):
 garbage-first heap   total 177152K, used 92869K [0x0000000080000000, 0x0000000100000000)
  region size 1024K, 2 young (2048K), 2 survivors (2048K)
 Metaspace       used 51821K, committed 52288K, reserved 1097728K
  class space    used 6889K, committed 7104K, reserved 1048576K
}

