# JRE version: OpenJDK Runtime Environment (17.0.6) (build 17.0.6+0-b2043.56-9586694)
# Java VM: OpenJDK 64-Bit Server VM (17.0.6+0-b2043.56-9586694, mixed mode, tiered, compressed oops, compressed class ptrs, g1 gc, windows-amd64)
GC Precious Log:
 CPUs: 8 total, 8 available
 Memory: 7959M
 Large Page Support: Disabled
 NUMA Support: Disabled
 Compressed Oops: Enabled (32-bit)
 Heap Region Size: 1M
 Heap Min Capacity: 8M
 Heap Initial Capacity: 126M
 Heap Max Capacity: 2G
 Pre-touch: Disabled
 Parallel Workers: 8
 Concurrent Workers: 2
 Concurrent Refinement Workers: 8
 Periodic GC: Disabled
Heap:
 garbage-first heap   total 138240K, used 92175K [0x0000000080000000, 0x0000000100000000)
  region size 1024K, 15 young (15360K), 5 survivors (5120K)
 Metaspace       used 84919K, committed 85504K, reserved 1130496K
  class space    used 11712K, committed 11968K, reserved 1048576K
GC Heap History (20 events):
Event: 7.803 GC heap before
{Heap before GC invocations=23 (full 0):
 garbage-first heap   total 104448K, used 76178K [0x0000000080000000, 0x0000000100000000)
  region size 1024K, 26 young (26624K), 2 survivors (2048K)
 Metaspace       used 66634K, committed 67136K, reserved 1114112K
  class space    used 8779K, committed 8960K, reserved 1048576K
}
Event: 7.806 GC heap after
{Heap after GC invocations=24 (full 0):
 garbage-first heap   total 104448K, used 54548K [0x0000000080000000, 0x0000000100000000)
  region size 1024K, 4 young (4096K), 4 survivors (4096K)
 Metaspace       used 66634K, committed 67136K, reserved 1114112K
  class space    used 8779K, committed 8960K, reserved 1048576K
}
Event: 8.034 GC heap before
{Heap before GC invocations=25 (full 0):
 garbage-first heap   total 104448K, used 79124K [0x0000000080000000, 0x0000000100000000)
  region size 1024K, 28 young (28672K), 4 survivors (4096K)
 Metaspace       used 67657K, committed 68224K, reserved 1114112K
  class space    used 8948K, committed 9216K, reserved 1048576K
}
Event: 8.039 GC heap after
{Heap after GC invocations=26 (full 0):
 garbage-first heap   total 104448K, used 55945K [0x0000000080000000, 0x0000000100000000)
  region size 1024K, 3 young (3072K), 3 survivors (3072K)
 Metaspace       used 67657K, committed 68224K, reserved 1114112K
  class space    used 8948K, committed 9216K, reserved 1048576K
}
Event: 8.142 GC heap before
{Heap before GC invocations=26 (full 0):
 garbage-first heap   total 104448K, used 79497K [0x0000000080000000, 0x0000000100000000)
  region size 1024K, 26 young (26624K), 3 survivors (3072K)
 Metaspace       used 67707K, committed 68288K, reserved 1114112K
  class space    used 8952K, committed 9216K, reserved 1048576K
}
Event: 8.145 GC heap after
{Heap after GC invocations=27 (full 0):
 garbage-first heap   total 125952K, used 57547K [0x0000000080000000, 0x0000000100000000)
  region size 1024K, 2 young (2048K), 2 survivors (2048K)
 Metaspace       used 67707K, committed 68288K, reserved 1114112K
  class space    used 8952K, committed 9216K, reserved 1048576K
}
Event: 8.674 GC heap before
{Heap before GC invocations=28 (full 0):
 garbage-first heap   total 125952K, used 96459K [0x0000000080000000, 0x0000000100000000)
  region size 1024K, 40 young (40960K), 2 survivors (2048K)
 Metaspace       used 72212K, committed 72832K, reserved 1114112K
  class space    used 9780K, committed 10048K, reserved 1048576K
}
Event: 8.678 GC heap after
{Heap after GC invocations=29 (full 0):
 garbage-first heap   total 125952K, used 59908K [0x0000000080000000, 0x0000000100000000)
  region size 1024K, 5 young (5120K), 5 survivors (5120K)
 Metaspace       used 72212K, committed 72832K, reserved 1114112K
  class space    used 9780K, committed 10048K, reserved 1048576K
}
Event: 9.006 GC heap before
{Heap before GC invocations=29 (full 0):
 garbage-first heap   total 125952K, used 97796K [0x0000000080000000, 0x0000000100000000)
  region size 1024K, 42 young (43008K), 5 survivors (5120K)
 Metaspace       used 74145K, committed 74816K, reserved 1114112K
  class space    used 10059K, committed 10368K, reserved 1048576K
}
Event: 9.011 GC heap after
{Heap after GC invocations=30 (full 0):
 garbage-first heap   total 125952K, used 63212K [0x0000000080000000, 0x0000000100000000)
  region size 1024K, 6 young (6144K), 6 survivors (6144K)
 Metaspace       used 74145K, committed 74816K, reserved 1114112K
  class space    used 10059K, committed 10368K, reserved 1048576K
}
Event: 9.378 GC heap before
{Heap before GC invocations=30 (full 0):
 garbage-first heap   total 125952K, used 100076K [0x0000000080000000, 0x0000000100000000)
  region size 1024K, 42 young (43008K), 6 survivors (6144K)
 Metaspace       used 76417K, committed 76992K, reserved 1122304K
  class space    used 10397K, committed 10688K, reserved 1048576K
}
Event: 9.383 GC heap after
{Heap after GC invocations=31 (full 0):
 garbage-first heap   total 125952K, used 66153K [0x0000000080000000, 0x0000000100000000)
  region size 1024K, 6 young (6144K), 6 survivors (6144K)
 Metaspace       used 76417K, committed 76992K, reserved 1122304K
  class space    used 10397K, committed 10688K, reserved 1048576K
}
Event: 9.836 GC heap before
{Heap before GC invocations=32 (full 0):
 garbage-first heap   total 125952K, used 100969K [0x0000000080000000, 0x0000000100000000)
  region size 1024K, 40 young (40960K), 6 survivors (6144K)
 Metaspace       used 80995K, committed 81728K, reserved 1122304K
  class space    used 11058K, committed 11392K, reserved 1048576K
}
Event: 9.841 GC heap after
{Heap after GC invocations=33 (full 0):
 garbage-first heap   total 125952K, used 69296K [0x0000000080000000, 0x0000000100000000)
  region size 1024K, 4 young (4096K), 4 survivors (4096K)
 Metaspace       used 80995K, committed 81728K, reserved 1122304K
  class space    used 11058K, committed 11392K, reserved 1048576K
}
Event: 10.101 GC heap before
{Heap before GC invocations=33 (full 0):
 garbage-first heap   total 125952K, used 101040K [0x0000000080000000, 0x0000000100000000)
  region size 1024K, 35 young (35840K), 4 survivors (4096K)
 Metaspace       used 82260K, committed 82944K, reserved 1122304K
  class space    used 11238K, committed 11584K, reserved 1048576K
}
Event: 10.107 GC heap after
{Heap after GC invocations=34 (full 0):
 garbage-first heap   total 125952K, used 73655K [0x0000000080000000, 0x0000000100000000)
  region size 1024K, 5 young (5120K), 5 survivors (5120K)
 Metaspace       used 82260K, committed 82944K, reserved 1122304K
  class space    used 11238K, committed 11584K, reserved 1048576K
}
Event: 10.312 GC heap before
{Heap before GC invocations=35 (full 0):
 garbage-first heap   total 138240K, used 102327K [0x0000000080000000, 0x0000000100000000)
  region size 1024K, 33 young (33792K), 5 survivors (5120K)
 Metaspace       used 82723K, committed 83456K, reserved 1122304K
  class space    used 11329K, committed 11648K, reserved 1048576K
}
Event: 10.317 GC heap after
{Heap after GC invocations=36 (full 0):
 garbage-first heap   total 138240K, used 78618K [0x0000000080000000, 0x0000000100000000)
  region size 1024K, 5 young (5120K), 5 survivors (5120K)
 Metaspace       used 82723K, committed 83456K, reserved 1122304K
  class space    used 11329K, committed 11648K, reserved 1048576K
}
Event: 10.767 GC heap before
{Heap before GC invocations=36 (full 0):
 garbage-first heap   total 138240K, used 110362K [0x0000000080000000, 0x0000000100000000)
  region size 1024K, 37 young (37888K), 5 survivors (5120K)
 Metaspace       used 84871K, committed 85504K, reserved 1130496K
  class space    used 11712K, committed 11968K, reserved 1048576K
}
Event: 10.772 GC heap after
{Heap after GC invocations=37 (full 0):
 garbage-first heap   total 138240K, used 82959K [0x0000000080000000, 0x0000000100000000)
  region size 1024K, 5 young (5120K), 5 survivors (5120K)
 Metaspace       used 84871K, committed 85504K, reserved 1130496K
  class space    used 11712K, committed 11968K, reserved 1048576K
}

