# JRE version: OpenJDK Runtime Environment (17.0.6) (build 17.0.6+0-b2043.56-9586694)
# Java VM: OpenJDK 64-Bit Server VM (17.0.6+0-b2043.56-9586694, mixed mode, tiered, compressed oops, compressed class ptrs, g1 gc, windows-amd64)
GC Precious Log:
 CPUs: 8 total, 8 available
 Memory: 7959M
 Large Page Support: Disabled
 NUMA Support: Disabled
 Compressed Oops: Enabled (32-bit)
 Heap Region Size: 1M
 Heap Min Capacity: 8M
 Heap Initial Capacity: 126M
 Heap Max Capacity: 2G
 Pre-touch: Disabled
 Parallel Workers: 8
 Concurrent Workers: 2
 Concurrent Refinement Workers: 8
 Periodic GC: Disabled
Heap:
 garbage-first heap   total 237568K, used 133991K [0x0000000080000000, 0x0000000100000000)
  region size 1024K, 9 young (9216K), 9 survivors (9216K)
 Metaspace       used 120757K, committed 121600K, reserved 1155072K
  class space    used 16546K, committed 16896K, reserved 1048576K
GC Heap History (20 events):
Event: 13.892 GC heap after
{Heap after GC invocations=47 (full 0):
 garbage-first heap   total 235520K, used 103435K [0x0000000080000000, 0x0000000100000000)
  region size 1024K, 9 young (9216K), 9 survivors (9216K)
 Metaspace       used 93741K, committed 94464K, reserved 1138688K
  class space    used 12756K, committed 13120K, reserved 1048576K
}
Event: 13.896 GC heap before
{Heap before GC invocations=47 (full 0):
 garbage-first heap   total 235520K, used 117771K [0x0000000080000000, 0x0000000100000000)
  region size 1024K, 10 young (10240K), 9 survivors (9216K)
 Metaspace       used 93745K, committed 94464K, reserved 1138688K
  class space    used 12757K, committed 13120K, reserved 1048576K
}
Event: 13.901 GC heap after
{Heap after GC invocations=48 (full 0):
 garbage-first heap   total 235520K, used 118144K [0x0000000080000000, 0x0000000100000000)
  region size 1024K, 3 young (3072K), 3 survivors (3072K)
 Metaspace       used 93745K, committed 94464K, reserved 1138688K
  class space    used 12757K, committed 13120K, reserved 1048576K
}
Event: 207.822 GC heap before
{Heap before GC invocations=49 (full 0):
 garbage-first heap   total 237568K, used 210304K [0x0000000080000000, 0x0000000100000000)
  region size 1024K, 74 young (75776K), 3 survivors (3072K)
 Metaspace       used 95360K, committed 96128K, reserved 1138688K
  class space    used 12908K, committed 13248K, reserved 1048576K
}
Event: 207.873 GC heap after
{Heap after GC invocations=50 (full 0):
 garbage-first heap   total 237568K, used 109900K [0x0000000080000000, 0x0000000100000000)
  region size 1024K, 9 young (9216K), 9 survivors (9216K)
 Metaspace       used 95360K, committed 96128K, reserved 1138688K
  class space    used 12908K, committed 13248K, reserved 1048576K
}
Event: 207.907 GC heap before
{Heap before GC invocations=50 (full 0):
 garbage-first heap   total 237568K, used 111948K [0x0000000080000000, 0x0000000100000000)
  region size 1024K, 11 young (11264K), 9 survivors (9216K)
 Metaspace       used 95369K, committed 96128K, reserved 1138688K
  class space    used 12908K, committed 13248K, reserved 1048576K
}
Event: 207.942 GC heap after
{Heap after GC invocations=51 (full 0):
 garbage-first heap   total 237568K, used 110595K [0x0000000080000000, 0x0000000100000000)
  region size 1024K, 2 young (2048K), 2 survivors (2048K)
 Metaspace       used 95369K, committed 96128K, reserved 1138688K
  class space    used 12908K, committed 13248K, reserved 1048576K
}
Event: 208.857 GC heap before
{Heap before GC invocations=51 (full 0):
 garbage-first heap   total 237568K, used 177155K [0x0000000080000000, 0x0000000100000000)
  region size 1024K, 69 young (70656K), 2 survivors (2048K)
 Metaspace       used 102744K, committed 103488K, reserved 1138688K
  class space    used 13868K, committed 14208K, reserved 1048576K
}
Event: 208.868 GC heap after
{Heap after GC invocations=52 (full 0):
 garbage-first heap   total 237568K, used 118624K [0x0000000080000000, 0x0000000100000000)
  region size 1024K, 10 young (10240K), 10 survivors (10240K)
 Metaspace       used 102744K, committed 103488K, reserved 1138688K
  class space    used 13868K, committed 14208K, reserved 1048576K
}
Event: 209.818 GC heap before
{Heap before GC invocations=53 (full 0):
 garbage-first heap   total 237568K, used 191328K [0x0000000080000000, 0x0000000100000000)
  region size 1024K, 79 young (80896K), 10 survivors (10240K)
 Metaspace       used 105238K, committed 106048K, reserved 1146880K
  class space    used 14167K, committed 14528K, reserved 1048576K
}
Event: 209.859 GC heap after
{Heap after GC invocations=54 (full 0):
 garbage-first heap   total 237568K, used 123817K [0x0000000080000000, 0x0000000100000000)
  region size 1024K, 6 young (6144K), 6 survivors (6144K)
 Metaspace       used 105238K, committed 106048K, reserved 1146880K
  class space    used 14167K, committed 14528K, reserved 1048576K
}
Event: 209.908 GC heap before
{Heap before GC invocations=54 (full 0):
 garbage-first heap   total 237568K, used 128937K [0x0000000080000000, 0x0000000100000000)
  region size 1024K, 11 young (11264K), 6 survivors (6144K)
 Metaspace       used 105293K, committed 106048K, reserved 1146880K
  class space    used 14174K, committed 14528K, reserved 1048576K
}
Event: 209.922 GC heap after
{Heap after GC invocations=55 (full 0):
 garbage-first heap   total 237568K, used 121095K [0x0000000080000000, 0x0000000100000000)
  region size 1024K, 2 young (2048K), 2 survivors (2048K)
 Metaspace       used 105293K, committed 106048K, reserved 1146880K
  class space    used 14174K, committed 14528K, reserved 1048576K
}
Event: 210.665 GC heap before
{Heap before GC invocations=55 (full 0):
 garbage-first heap   total 237568K, used 188679K [0x0000000080000000, 0x0000000100000000)
  region size 1024K, 69 young (70656K), 2 survivors (2048K)
 Metaspace       used 114525K, committed 115328K, reserved 1155072K
  class space    used 15565K, committed 15936K, reserved 1048576K
}
Event: 210.673 GC heap after
{Heap after GC invocations=56 (full 0):
 garbage-first heap   total 237568K, used 123202K [0x0000000080000000, 0x0000000100000000)
  region size 1024K, 4 young (4096K), 4 survivors (4096K)
 Metaspace       used 114525K, committed 115328K, reserved 1155072K
  class space    used 15565K, committed 15936K, reserved 1048576K
}
Event: 557.937 GC heap before
{Heap before GC invocations=57 (full 0):
 garbage-first heap   total 237568K, used 222530K [0x0000000080000000, 0x0000000100000000)
  region size 1024K, 70 young (71680K), 4 survivors (4096K)
 Metaspace       used 120278K, committed 121088K, reserved 1155072K
  class space    used 16538K, committed 16896K, reserved 1048576K
}
Event: 558.077 GC heap after
{Heap after GC invocations=58 (full 0):
 garbage-first heap   total 237568K, used 125339K [0x0000000080000000, 0x0000000100000000)
  region size 1024K, 6 young (6144K), 6 survivors (6144K)
 Metaspace       used 120278K, committed 121088K, reserved 1155072K
  class space    used 16538K, committed 16896K, reserved 1048576K
}
Event: 558.356 GC heap before
{Heap before GC invocations=58 (full 0):
 garbage-first heap   total 237568K, used 129435K [0x0000000080000000, 0x0000000100000000)
  region size 1024K, 11 young (11264K), 6 survivors (6144K)
 Metaspace       used 120291K, committed 121088K, reserved 1155072K
  class space    used 16538K, committed 16896K, reserved 1048576K
}
Event: 558.416 GC heap after
{Heap after GC invocations=59 (full 0):
 garbage-first heap   total 237568K, used 123131K [0x0000000080000000, 0x0000000100000000)
  region size 1024K, 2 young (2048K), 2 survivors (2048K)
 Metaspace       used 120291K, committed 121088K, reserved 1155072K
  class space    used 16538K, committed 16896K, reserved 1048576K
}
Event: 559.958 GC heap before
{Heap before GC invocations=59 (full 0):
 garbage-first heap   total 237568K, used 186619K [0x0000000080000000, 0x0000000100000000)
  region size 1024K, 66 young (67584K), 2 survivors (2048K)
 Metaspace       used 120757K, committed 121600K, reserved 1155072K
  class space    used 16546K, committed 16896K, reserved 1048576K
}

