# JRE version: OpenJDK Runtime Environment (17.0.6) (build 17.0.6+0-b2043.56-9586694)
# Java VM: OpenJDK 64-Bit Server VM (17.0.6+0-b2043.56-9586694, mixed mode, tiered, compressed oops, compressed class ptrs, g1 gc, windows-amd64)
GC Precious Log:
 CPUs: 8 total, 8 available
 Memory: 7959M
 Large Page Support: Disabled
 NUMA Support: Disabled
 Compressed Oops: Enabled (32-bit)
 Heap Region Size: 1M
 Heap Min Capacity: 8M
 Heap Initial Capacity: 126M
 Heap Max Capacity: 2G
 Pre-touch: Disabled
 Parallel Workers: 8
 Concurrent Workers: 2
 Concurrent Refinement Workers: 8
 Periodic GC: Disabled
Heap:
 garbage-first heap   total 140288K, used 90493K [0x0000000080000000, 0x0000000100000000)
  region size 1024K, 3 young (3072K), 2 survivors (2048K)
 Metaspace       used 53674K, committed 54272K, reserved 1097728K
  class space    used 7181K, committed 7424K, reserved 1048576K
GC Heap History (20 events):
Event: 6.376 GC heap before
{Heap before GC invocations=11 (full 0):
 garbage-first heap   total 91136K, used 70791K [0x0000000080000000, 0x0000000100000000)
  region size 1024K, 29 young (29696K), 2 survivors (2048K)
 Metaspace       used 41629K, committed 42048K, reserved 1089536K
  class space    used 5563K, committed 5760K, reserved 1048576K
}
Event: 6.381 GC heap after
{Heap after GC invocations=12 (full 0):
 garbage-first heap   total 91136K, used 48442K [0x0000000080000000, 0x0000000100000000)
  region size 1024K, 4 young (4096K), 4 survivors (4096K)
 Metaspace       used 41629K, committed 42048K, reserved 1089536K
  class space    used 5563K, committed 5760K, reserved 1048576K
}
Event: 6.480 GC heap before
{Heap before GC invocations=13 (full 0):
 garbage-first heap   total 92160K, used 61754K [0x0000000080000000, 0x0000000100000000)
  region size 1024K, 18 young (18432K), 4 survivors (4096K)
 Metaspace       used 42064K, committed 42432K, reserved 1089536K
  class space    used 5609K, committed 5824K, reserved 1048576K
}
Event: 6.484 GC heap after
{Heap after GC invocations=14 (full 0):
 garbage-first heap   total 92160K, used 51072K [0x0000000080000000, 0x0000000100000000)
  region size 1024K, 3 young (3072K), 3 survivors (3072K)
 Metaspace       used 42064K, committed 42432K, reserved 1089536K
  class space    used 5609K, committed 5824K, reserved 1048576K
}
Event: 6.839 GC heap before
{Heap before GC invocations=15 (full 0):
 garbage-first heap   total 94208K, used 75648K [0x0000000080000000, 0x0000000100000000)
  region size 1024K, 24 young (24576K), 3 survivors (3072K)
 Metaspace       used 45355K, committed 45824K, reserved 1089536K
  class space    used 6005K, committed 6208K, reserved 1048576K
}
Event: 6.842 GC heap after
{Heap after GC invocations=16 (full 0):
 garbage-first heap   total 94208K, used 52028K [0x0000000080000000, 0x0000000100000000)
  region size 1024K, 2 young (2048K), 2 survivors (2048K)
 Metaspace       used 45355K, committed 45824K, reserved 1089536K
  class space    used 6005K, committed 6208K, reserved 1048576K
}
Event: 7.006 GC heap before
{Heap before GC invocations=16 (full 0):
 garbage-first heap   total 94208K, used 59196K [0x0000000080000000, 0x0000000100000000)
  region size 1024K, 11 young (11264K), 2 survivors (2048K)
 Metaspace       used 46023K, committed 46464K, reserved 1089536K
  class space    used 6116K, committed 6336K, reserved 1048576K
}
Event: 7.009 GC heap after
{Heap after GC invocations=17 (full 0):
 garbage-first heap   total 94208K, used 53507K [0x0000000080000000, 0x0000000100000000)
  region size 1024K, 3 young (3072K), 3 survivors (3072K)
 Metaspace       used 46023K, committed 46464K, reserved 1089536K
  class space    used 6116K, committed 6336K, reserved 1048576K
}
Event: 7.467 GC heap before
{Heap before GC invocations=18 (full 0):
 garbage-first heap   total 114688K, used 96515K [0x0000000080000000, 0x0000000100000000)
  region size 1024K, 24 young (24576K), 3 survivors (3072K)
 Metaspace       used 48291K, committed 48768K, reserved 1097728K
  class space    used 6311K, committed 6528K, reserved 1048576K
}
Event: 7.470 GC heap after
{Heap after GC invocations=19 (full 0):
 garbage-first heap   total 114688K, used 78411K [0x0000000080000000, 0x0000000100000000)
  region size 1024K, 3 young (3072K), 3 survivors (3072K)
 Metaspace       used 48291K, committed 48768K, reserved 1097728K
  class space    used 6311K, committed 6528K, reserved 1048576K
}
Event: 7.508 GC heap before
{Heap before GC invocations=19 (full 0):
 garbage-first heap   total 114688K, used 80459K [0x0000000080000000, 0x0000000100000000)
  region size 1024K, 5 young (5120K), 3 survivors (3072K)
 Metaspace       used 48494K, committed 49024K, reserved 1097728K
  class space    used 6346K, committed 6592K, reserved 1048576K
}
Event: 7.512 GC heap after
{Heap after GC invocations=20 (full 0):
 garbage-first heap   total 114688K, used 78297K [0x0000000080000000, 0x0000000100000000)
  region size 1024K, 1 young (1024K), 1 survivors (1024K)
 Metaspace       used 48494K, committed 49024K, reserved 1097728K
  class space    used 6346K, committed 6592K, reserved 1048576K
}
Event: 7.663 GC heap before
{Heap before GC invocations=20 (full 0):
 garbage-first heap   total 114688K, used 94681K [0x0000000080000000, 0x0000000100000000)
  region size 1024K, 17 young (17408K), 1 survivors (1024K)
 Metaspace       used 48926K, committed 49472K, reserved 1097728K
  class space    used 6422K, committed 6656K, reserved 1048576K
}
Event: 7.667 GC heap after
{Heap after GC invocations=21 (full 0):
 garbage-first heap   total 114688K, used 80032K [0x0000000080000000, 0x0000000100000000)
  region size 1024K, 3 young (3072K), 3 survivors (3072K)
 Metaspace       used 48926K, committed 49472K, reserved 1097728K
  class space    used 6422K, committed 6656K, reserved 1048576K
}
Event: 7.940 GC heap before
{Heap before GC invocations=22 (full 0):
 garbage-first heap   total 140288K, used 102560K [0x0000000080000000, 0x0000000100000000)
  region size 1024K, 18 young (18432K), 3 survivors (3072K)
 Metaspace       used 50431K, committed 51008K, reserved 1097728K
  class space    used 6683K, committed 6912K, reserved 1048576K
}
Event: 7.944 GC heap after
{Heap after GC invocations=23 (full 0):
 garbage-first heap   total 140288K, used 88914K [0x0000000080000000, 0x0000000100000000)
  region size 1024K, 2 young (2048K), 2 survivors (2048K)
 Metaspace       used 50431K, committed 51008K, reserved 1097728K
  class space    used 6683K, committed 6912K, reserved 1048576K
}
Event: 8.009 GC heap before
{Heap before GC invocations=23 (full 0):
 garbage-first heap   total 140288K, used 93010K [0x0000000080000000, 0x0000000100000000)
  region size 1024K, 6 young (6144K), 2 survivors (2048K)
 Metaspace       used 50902K, committed 51456K, reserved 1097728K
  class space    used 6753K, committed 6976K, reserved 1048576K
}
Event: 8.012 GC heap after
{Heap after GC invocations=24 (full 0):
 garbage-first heap   total 140288K, used 88836K [0x0000000080000000, 0x0000000100000000)
  region size 1024K, 1 young (1024K), 1 survivors (1024K)
 Metaspace       used 50902K, committed 51456K, reserved 1097728K
  class space    used 6753K, committed 6976K, reserved 1048576K
}
Event: 8.543 GC heap before
{Heap before GC invocations=24 (full 0):
 garbage-first heap   total 140288K, used 113412K [0x0000000080000000, 0x0000000100000000)
  region size 1024K, 25 young (25600K), 1 survivors (1024K)
 Metaspace       used 53624K, committed 54144K, reserved 1097728K
  class space    used 7181K, committed 7424K, reserved 1048576K
}
Event: 8.547 GC heap after
{Heap after GC invocations=25 (full 0):
 garbage-first heap   total 140288K, used 90493K [0x0000000080000000, 0x0000000100000000)
  region size 1024K, 2 young (2048K), 2 survivors (2048K)
 Metaspace       used 53624K, committed 54144K, reserved 1097728K
  class space    used 7181K, committed 7424K, reserved 1048576K
}

