# JRE version: OpenJDK Runtime Environment (17.0.6) (build 17.0.6+0-b2043.56-9586694)
# Java VM: OpenJDK 64-Bit Server VM (17.0.6+0-b2043.56-9586694, mixed mode, tiered, compressed oops, compressed class ptrs, g1 gc, windows-amd64)
GC Precious Log:
 CPUs: 8 total, 8 available
 Memory: 7959M
 Large Page Support: Disabled
 NUMA Support: Disabled
 Compressed Oops: Enabled (32-bit)
 Heap Region Size: 1M
 Heap Min Capacity: 8M
 Heap Initial Capacity: 126M
 Heap Max Capacity: 2G
 Pre-touch: Disabled
 Parallel Workers: 8
 Concurrent Workers: 2
 Concurrent Refinement Workers: 8
 Periodic GC: Disabled
Heap:
 garbage-first heap   total 129024K, used 61767K [0x0000000080000000, 0x0000000100000000)
  region size 1024K, 1 young (1024K), 1 survivors (1024K)
 Metaspace       used 73613K, committed 74240K, reserved 1114112K
  class space    used 9959K, committed 10240K, reserved 1048576K
GC Heap History (20 events):
Event: 7.778 GC heap after
{Heap after GC invocations=20 (full 0):
 garbage-first heap   total 89088K, used 51912K [0x0000000080000000, 0x0000000100000000)
  region size 1024K, 3 young (3072K), 3 survivors (3072K)
 Metaspace       used 62832K, committed 63360K, reserved 1105920K
  class space    used 8303K, committed 8512K, reserved 1048576K
}
Event: 7.787 GC heap before
{Heap before GC invocations=20 (full 0):
 garbage-first heap   total 89088K, used 52936K [0x0000000080000000, 0x0000000100000000)
  region size 1024K, 4 young (4096K), 3 survivors (3072K)
 Metaspace       used 62932K, committed 63424K, reserved 1105920K
  class space    used 8326K, committed 8512K, reserved 1048576K
}
Event: 7.789 GC heap after
{Heap after GC invocations=21 (full 0):
 garbage-first heap   total 89088K, used 52581K [0x0000000080000000, 0x0000000100000000)
  region size 1024K, 1 young (1024K), 1 survivors (1024K)
 Metaspace       used 62932K, committed 63424K, reserved 1105920K
  class space    used 8326K, committed 8512K, reserved 1048576K
}
Event: 7.974 GC heap before
{Heap before GC invocations=21 (full 0):
 garbage-first heap   total 89088K, used 71013K [0x0000000080000000, 0x0000000100000000)
  region size 1024K, 19 young (19456K), 1 survivors (1024K)
 Metaspace       used 64889K, committed 65408K, reserved 1105920K
  class space    used 8561K, committed 8768K, reserved 1048576K
}
Event: 7.976 GC heap after
{Heap after GC invocations=22 (full 0):
 garbage-first heap   total 89088K, used 53303K [0x0000000080000000, 0x0000000100000000)
  region size 1024K, 2 young (2048K), 2 survivors (2048K)
 Metaspace       used 64889K, committed 65408K, reserved 1105920K
  class space    used 8561K, committed 8768K, reserved 1048576K
}
Event: 8.178 GC heap before
{Heap before GC invocations=23 (full 0):
 garbage-first heap   total 96256K, used 71735K [0x0000000080000000, 0x0000000100000000)
  region size 1024K, 20 young (20480K), 2 survivors (2048K)
 Metaspace       used 66378K, committed 66880K, reserved 1114112K
  class space    used 8748K, committed 8960K, reserved 1048576K
}
Event: 8.181 GC heap after
{Heap after GC invocations=24 (full 0):
 garbage-first heap   total 96256K, used 55055K [0x0000000080000000, 0x0000000100000000)
  region size 1024K, 3 young (3072K), 3 survivors (3072K)
 Metaspace       used 66378K, committed 66880K, reserved 1114112K
  class space    used 8748K, committed 8960K, reserved 1048576K
}
Event: 8.188 GC heap before
{Heap before GC invocations=24 (full 0):
 garbage-first heap   total 96256K, used 56079K [0x0000000080000000, 0x0000000100000000)
  region size 1024K, 4 young (4096K), 3 survivors (3072K)
 Metaspace       used 66461K, committed 66944K, reserved 1114112K
  class space    used 8757K, committed 8960K, reserved 1048576K
}
Event: 8.191 GC heap after
{Heap after GC invocations=25 (full 0):
 garbage-first heap   total 115712K, used 54647K [0x0000000080000000, 0x0000000100000000)
  region size 1024K, 1 young (1024K), 1 survivors (1024K)
 Metaspace       used 66461K, committed 66944K, reserved 1114112K
  class space    used 8757K, committed 8960K, reserved 1048576K
}
Event: 8.226 GC heap before
{Heap before GC invocations=25 (full 0):
 garbage-first heap   total 115712K, used 56695K [0x0000000080000000, 0x0000000100000000)
  region size 1024K, 4 young (4096K), 1 survivors (1024K)
 Metaspace       used 66671K, committed 67136K, reserved 1114112K
  class space    used 8768K, committed 8960K, reserved 1048576K
}
Event: 8.227 GC heap after
{Heap after GC invocations=26 (full 0):
 garbage-first heap   total 115712K, used 54795K [0x0000000080000000, 0x0000000100000000)
  region size 1024K, 1 young (1024K), 1 survivors (1024K)
 Metaspace       used 66671K, committed 67136K, reserved 1114112K
  class space    used 8768K, committed 8960K, reserved 1048576K
}
Event: 8.467 GC heap before
{Heap before GC invocations=27 (full 0):
 garbage-first heap   total 115712K, used 90635K [0x0000000080000000, 0x0000000100000000)
  region size 1024K, 35 young (35840K), 1 survivors (1024K)
 Metaspace       used 67682K, committed 68288K, reserved 1114112K
  class space    used 8936K, committed 9216K, reserved 1048576K
}
Event: 8.470 GC heap after
{Heap after GC invocations=28 (full 0):
 garbage-first heap   total 115712K, used 57236K [0x0000000080000000, 0x0000000100000000)
  region size 1024K, 3 young (3072K), 3 survivors (3072K)
 Metaspace       used 67682K, committed 68288K, reserved 1114112K
  class space    used 8936K, committed 9216K, reserved 1048576K
}
Event: 8.479 GC heap before
{Heap before GC invocations=28 (full 0):
 garbage-first heap   total 115712K, used 59284K [0x0000000080000000, 0x0000000100000000)
  region size 1024K, 5 young (5120K), 3 survivors (3072K)
 Metaspace       used 67702K, committed 68288K, reserved 1114112K
  class space    used 8939K, committed 9216K, reserved 1048576K
}
Event: 8.482 GC heap after
{Heap after GC invocations=29 (full 0):
 garbage-first heap   total 115712K, used 57231K [0x0000000080000000, 0x0000000100000000)
  region size 1024K, 1 young (1024K), 1 survivors (1024K)
 Metaspace       used 67702K, committed 68288K, reserved 1114112K
  class space    used 8939K, committed 9216K, reserved 1048576K
}
Event: 8.769 GC heap before
{Heap before GC invocations=29 (full 0):
 garbage-first heap   total 115712K, used 91023K [0x0000000080000000, 0x0000000100000000)
  region size 1024K, 34 young (34816K), 1 survivors (1024K)
 Metaspace       used 70051K, committed 70720K, reserved 1114112K
  class space    used 9303K, committed 9600K, reserved 1048576K
}
Event: 8.772 GC heap after
{Heap after GC invocations=30 (full 0):
 garbage-first heap   total 115712K, used 59245K [0x0000000080000000, 0x0000000100000000)
  region size 1024K, 3 young (3072K), 3 survivors (3072K)
 Metaspace       used 70051K, committed 70720K, reserved 1114112K
  class space    used 9303K, committed 9600K, reserved 1048576K
}
Event: 9.209 GC heap before
{Heap before GC invocations=31 (full 0):
 garbage-first heap   total 115712K, used 92013K [0x0000000080000000, 0x0000000100000000)
  region size 1024K, 35 young (35840K), 3 survivors (3072K)
 Metaspace       used 73611K, committed 74240K, reserved 1114112K
  class space    used 9959K, committed 10240K, reserved 1048576K
}
Event: 9.213 GC heap after
{Heap after GC invocations=32 (full 0):
 garbage-first heap   total 115712K, used 61599K [0x0000000080000000, 0x0000000100000000)
  region size 1024K, 5 young (5120K), 5 survivors (5120K)
 Metaspace       used 73611K, committed 74240K, reserved 1114112K
  class space    used 9959K, committed 10240K, reserved 1048576K
}
Event: 9.216 GC heap before
{Heap before GC invocations=32 (full 0):
 garbage-first heap   total 115712K, used 62623K [0x0000000080000000, 0x0000000100000000)
  region size 1024K, 6 young (6144K), 5 survivors (5120K)
 Metaspace       used 73613K, committed 74240K, reserved 1114112K
  class space    used 9959K, committed 10240K, reserved 1048576K
}

