# JRE version: OpenJDK Runtime Environment (17.0.6) (build 17.0.6+0-b2043.56-9586694)
# Java VM: OpenJDK 64-Bit Server VM (17.0.6+0-b2043.56-9586694, mixed mode, tiered, compressed oops, compressed class ptrs, g1 gc, windows-amd64)
GC Precious Log:
 CPUs: 8 total, 8 available
 Memory: 7959M
 Large Page Support: Disabled
 NUMA Support: Disabled
 Compressed Oops: Enabled (32-bit)
 Heap Region Size: 1M
 Heap Min Capacity: 8M
 Heap Initial Capacity: 126M
 Heap Max Capacity: 2G
 Pre-touch: Disabled
 Parallel Workers: 8
 Concurrent Workers: 2
 Concurrent Refinement Workers: 8
 Periodic GC: Disabled
Heap:
 garbage-first heap   total 82944K, used 61171K [0x0000000080000000, 0x0000000100000000)
  region size 1024K, 28 young (28672K), 4 survivors (4096K)
 Metaspace       used 51889K, committed 52352K, reserved 1097728K
  class space    used 6843K, committed 7040K, reserved 1048576K
GC Heap History (20 events):
Event: 0.815 GC heap before
{Heap before GC invocations=1 (full 0):
 garbage-first heap   total 129024K, used 40196K [0x0000000080000000, 0x0000000100000000)
  region size 1024K, 32 young (32768K), 3 survivors (3072K)
 Metaspace       used 11200K, committed 11456K, reserved 1064960K
  class space    used 1161K, committed 1280K, reserved 1048576K
}
Event: 0.818 GC heap after
{Heap after GC invocations=2 (full 0):
 garbage-first heap   total 129024K, used 14914K [0x0000000080000000, 0x0000000100000000)
  region size 1024K, 4 young (4096K), 4 survivors (4096K)
 Metaspace       used 11200K, committed 11456K, reserved 1064960K
  class space    used 1161K, committed 1280K, reserved 1048576K
}
Event: 1.672 GC heap before
{Heap before GC invocations=2 (full 0):
 garbage-first heap   total 129024K, used 51778K [0x0000000080000000, 0x0000000100000000)
  region size 1024K, 41 young (41984K), 4 survivors (4096K)
 Metaspace       used 21289K, committed 21504K, reserved 1073152K
  class space    used 2601K, committed 2688K, reserved 1048576K
}
Event: 1.678 GC heap after
{Heap after GC invocations=3 (full 0):
 garbage-first heap   total 129024K, used 18826K [0x0000000080000000, 0x0000000100000000)
  region size 1024K, 8 young (8192K), 8 survivors (8192K)
 Metaspace       used 21289K, committed 21504K, reserved 1073152K
  class space    used 2601K, committed 2688K, reserved 1048576K
}
Event: 2.284 GC heap before
{Heap before GC invocations=4 (full 0):
 garbage-first heap   total 68608K, used 51594K [0x0000000080000000, 0x0000000100000000)
  region size 1024K, 40 young (40960K), 8 survivors (8192K)
 Metaspace       used 26390K, committed 26752K, reserved 1073152K
  class space    used 3481K, committed 3648K, reserved 1048576K
}
Event: 2.292 GC heap after
{Heap after GC invocations=5 (full 0):
 garbage-first heap   total 68608K, used 20633K [0x0000000080000000, 0x0000000100000000)
  region size 1024K, 3 young (3072K), 3 survivors (3072K)
 Metaspace       used 26390K, committed 26752K, reserved 1073152K
  class space    used 3481K, committed 3648K, reserved 1048576K
}
Event: 2.722 GC heap before
{Heap before GC invocations=5 (full 0):
 garbage-first heap   total 68608K, used 46233K [0x0000000080000000, 0x0000000100000000)
  region size 1024K, 28 young (28672K), 3 survivors (3072K)
 Metaspace       used 30298K, committed 30592K, reserved 1081344K
  class space    used 4116K, committed 4224K, reserved 1048576K
}
Event: 2.725 GC heap after
{Heap after GC invocations=6 (full 0):
 garbage-first heap   total 68608K, used 22083K [0x0000000080000000, 0x0000000100000000)
  region size 1024K, 4 young (4096K), 4 survivors (4096K)
 Metaspace       used 30298K, committed 30592K, reserved 1081344K
  class space    used 4116K, committed 4224K, reserved 1048576K
}
Event: 3.111 GC heap before
{Heap before GC invocations=6 (full 0):
 garbage-first heap   total 68608K, used 48707K [0x0000000080000000, 0x0000000100000000)
  region size 1024K, 30 young (30720K), 4 survivors (4096K)
 Metaspace       used 34672K, committed 35008K, reserved 1081344K
  class space    used 4802K, committed 4992K, reserved 1048576K
}
Event: 3.115 GC heap after
{Heap after GC invocations=7 (full 0):
 garbage-first heap   total 68608K, used 23594K [0x0000000080000000, 0x0000000100000000)
  region size 1024K, 4 young (4096K), 4 survivors (4096K)
 Metaspace       used 34672K, committed 35008K, reserved 1081344K
  class space    used 4802K, committed 4992K, reserved 1048576K
}
Event: 3.198 GC heap before
{Heap before GC invocations=7 (full 0):
 garbage-first heap   total 68608K, used 26666K [0x0000000080000000, 0x0000000100000000)
  region size 1024K, 9 young (9216K), 4 survivors (4096K)
 Metaspace       used 35630K, committed 35968K, reserved 1081344K
  class space    used 4876K, committed 5056K, reserved 1048576K
}
Event: 3.201 GC heap after
{Heap after GC invocations=8 (full 0):
 garbage-first heap   total 82944K, used 24311K [0x0000000080000000, 0x0000000100000000)
  region size 1024K, 3 young (3072K), 3 survivors (3072K)
 Metaspace       used 35630K, committed 35968K, reserved 1081344K
  class space    used 4876K, committed 5056K, reserved 1048576K
}
Event: 3.706 GC heap before
{Heap before GC invocations=9 (full 0):
 garbage-first heap   total 82944K, used 58103K [0x0000000080000000, 0x0000000100000000)
  region size 1024K, 37 young (37888K), 3 survivors (3072K)
 Metaspace       used 40713K, committed 41088K, reserved 1089536K
  class space    used 5405K, committed 5568K, reserved 1048576K
}
Event: 3.710 GC heap after
{Heap after GC invocations=10 (full 0):
 garbage-first heap   total 82944K, used 28059K [0x0000000080000000, 0x0000000100000000)
  region size 1024K, 5 young (5120K), 5 survivors (5120K)
 Metaspace       used 40713K, committed 41088K, reserved 1089536K
  class space    used 5405K, committed 5568K, reserved 1048576K
}
Event: 4.509 GC heap before
{Heap before GC invocations=10 (full 0):
 garbage-first heap   total 82944K, used 63899K [0x0000000080000000, 0x0000000100000000)
  region size 1024K, 37 young (37888K), 5 survivors (5120K)
 Metaspace       used 43729K, committed 44096K, reserved 1089536K
  class space    used 5746K, committed 5888K, reserved 1048576K
}
Event: 4.516 GC heap after
{Heap after GC invocations=11 (full 0):
 garbage-first heap   total 82944K, used 31940K [0x0000000080000000, 0x0000000100000000)
  region size 1024K, 4 young (4096K), 4 survivors (4096K)
 Metaspace       used 43729K, committed 44096K, reserved 1089536K
  class space    used 5746K, committed 5888K, reserved 1048576K
}
Event: 5.446 GC heap before
{Heap before GC invocations=11 (full 0):
 garbage-first heap   total 82944K, used 61636K [0x0000000080000000, 0x0000000100000000)
  region size 1024K, 33 young (33792K), 4 survivors (4096K)
 Metaspace       used 48135K, committed 48576K, reserved 1097728K
  class space    used 6336K, committed 6528K, reserved 1048576K
}
Event: 5.452 GC heap after
{Heap after GC invocations=12 (full 0):
 garbage-first heap   total 82944K, used 34387K [0x0000000080000000, 0x0000000100000000)
  region size 1024K, 3 young (3072K), 3 survivors (3072K)
 Metaspace       used 48135K, committed 48576K, reserved 1097728K
  class space    used 6336K, committed 6528K, reserved 1048576K
}
Event: 6.327 GC heap before
{Heap before GC invocations=12 (full 0):
 garbage-first heap   total 82944K, used 63059K [0x0000000080000000, 0x0000000100000000)
  region size 1024K, 31 young (31744K), 3 survivors (3072K)
 Metaspace       used 51182K, committed 51584K, reserved 1097728K
  class space    used 6756K, committed 6912K, reserved 1048576K
}
Event: 6.332 GC heap after
{Heap after GC invocations=13 (full 0):
 garbage-first heap   total 82944K, used 36595K [0x0000000080000000, 0x0000000100000000)
  region size 1024K, 4 young (4096K), 4 survivors (4096K)
 Metaspace       used 51182K, committed 51584K, reserved 1097728K
  class space    used 6756K, committed 6912K, reserved 1048576K
}

