# JRE version: OpenJDK Runtime Environment (17.0.6) (build 17.0.6+0-b2043.56-9586694)
# Java VM: OpenJDK 64-Bit Server VM (17.0.6+0-b2043.56-9586694, mixed mode, tiered, compressed oops, compressed class ptrs, g1 gc, windows-amd64)
GC Precious Log:
 CPUs: 8 total, 8 available
 Memory: 7959M
 Large Page Support: Disabled
 NUMA Support: Disabled
 Compressed Oops: Enabled (32-bit)
 Heap Region Size: 1M
 Heap Min Capacity: 8M
 Heap Initial Capacity: 126M
 Heap Max Capacity: 2G
 Pre-touch: Disabled
 Parallel Workers: 8
 Concurrent Workers: 2
 Concurrent Refinement Workers: 8
 Periodic GC: Disabled
Heap:
 garbage-first heap   total 112640K, used 67763K [0x0000000080000000, 0x0000000100000000)
  region size 1024K, 3 young (3072K), 2 survivors (2048K)
 Metaspace       used 42735K, committed 43200K, reserved 1089536K
  class space    used 5619K, committed 5824K, reserved 1048576K
GC Heap History (20 events):
Event: 0.883 GC heap before
{Heap before GC invocations=1 (full 0):
 garbage-first heap   total 129024K, used 40064K [0x0000000080000000, 0x0000000100000000)
  region size 1024K, 32 young (32768K), 3 survivors (3072K)
 Metaspace       used 11197K, committed 11456K, reserved 1064960K
  class space    used 1162K, committed 1280K, reserved 1048576K
}
Event: 0.888 GC heap after
{Heap after GC invocations=2 (full 0):
 garbage-first heap   total 129024K, used 14761K [0x0000000080000000, 0x0000000100000000)
  region size 1024K, 4 young (4096K), 4 survivors (4096K)
 Metaspace       used 11197K, committed 11456K, reserved 1064960K
  class space    used 1162K, committed 1280K, reserved 1048576K
}
Event: 1.848 GC heap before
{Heap before GC invocations=2 (full 0):
 garbage-first heap   total 129024K, used 50601K [0x0000000080000000, 0x0000000100000000)
  region size 1024K, 40 young (40960K), 4 survivors (4096K)
 Metaspace       used 21310K, committed 21504K, reserved 1073152K
  class space    used 2574K, committed 2688K, reserved 1048576K
}
Event: 1.854 GC heap after
{Heap after GC invocations=3 (full 0):
 garbage-first heap   total 129024K, used 18647K [0x0000000080000000, 0x0000000100000000)
  region size 1024K, 8 young (8192K), 8 survivors (8192K)
 Metaspace       used 21310K, committed 21504K, reserved 1073152K
  class space    used 2574K, committed 2688K, reserved 1048576K
}
Event: 2.397 GC heap before
{Heap before GC invocations=4 (full 0):
 garbage-first heap   total 68608K, used 51415K [0x0000000080000000, 0x0000000100000000)
  region size 1024K, 40 young (40960K), 8 survivors (8192K)
 Metaspace       used 26315K, committed 26560K, reserved 1073152K
  class space    used 3454K, committed 3584K, reserved 1048576K
}
Event: 2.404 GC heap after
{Heap after GC invocations=5 (full 0):
 garbage-first heap   total 68608K, used 20687K [0x0000000080000000, 0x0000000100000000)
  region size 1024K, 3 young (3072K), 3 survivors (3072K)
 Metaspace       used 26315K, committed 26560K, reserved 1073152K
  class space    used 3454K, committed 3584K, reserved 1048576K
}
Event: 2.771 GC heap before
{Heap before GC invocations=5 (full 0):
 garbage-first heap   total 68608K, used 50383K [0x0000000080000000, 0x0000000100000000)
  region size 1024K, 24 young (24576K), 3 survivors (3072K)
 Metaspace       used 29335K, committed 29696K, reserved 1081344K
  class space    used 3979K, committed 4160K, reserved 1048576K
}
Event: 2.775 GC heap after
{Heap after GC invocations=6 (full 0):
 garbage-first heap   total 68608K, used 34961K [0x0000000080000000, 0x0000000100000000)
  region size 1024K, 4 young (4096K), 4 survivors (4096K)
 Metaspace       used 29335K, committed 29696K, reserved 1081344K
  class space    used 3979K, committed 4160K, reserved 1048576K
}
Event: 2.801 GC heap before
{Heap before GC invocations=7 (full 0):
 garbage-first heap   total 78848K, used 47249K [0x0000000080000000, 0x0000000100000000)
  region size 1024K, 5 young (5120K), 4 survivors (4096K)
 Metaspace       used 29336K, committed 29696K, reserved 1081344K
  class space    used 3979K, committed 4160K, reserved 1048576K
}
Event: 2.804 GC heap after
{Heap after GC invocations=8 (full 0):
 garbage-first heap   total 95232K, used 47719K [0x0000000080000000, 0x0000000100000000)
  region size 1024K, 1 young (1024K), 1 survivors (1024K)
 Metaspace       used 29336K, committed 29696K, reserved 1081344K
  class space    used 3979K, committed 4160K, reserved 1048576K
}
Event: 3.214 GC heap before
{Heap before GC invocations=9 (full 0):
 garbage-first heap   total 96256K, used 76391K [0x0000000080000000, 0x0000000100000000)
  region size 1024K, 23 young (23552K), 1 survivors (1024K)
 Metaspace       used 32243K, committed 32576K, reserved 1081344K
  class space    used 4449K, committed 4608K, reserved 1048576K
}
Event: 3.216 GC heap after
{Heap after GC invocations=10 (full 0):
 garbage-first heap   total 96256K, used 56959K [0x0000000080000000, 0x0000000100000000)
  region size 1024K, 3 young (3072K), 3 survivors (3072K)
 Metaspace       used 32243K, committed 32576K, reserved 1081344K
  class space    used 4449K, committed 4608K, reserved 1048576K
}
Event: 3.524 GC heap before
{Heap before GC invocations=10 (full 0):
 garbage-first heap   total 96256K, used 75391K [0x0000000080000000, 0x0000000100000000)
  region size 1024K, 21 young (21504K), 3 survivors (3072K)
 Metaspace       used 35166K, committed 35520K, reserved 1081344K
  class space    used 4888K, committed 5056K, reserved 1048576K
}
Event: 3.526 GC heap after
{Heap after GC invocations=11 (full 0):
 garbage-first heap   total 96256K, used 58078K [0x0000000080000000, 0x0000000100000000)
  region size 1024K, 1 young (1024K), 1 survivors (1024K)
 Metaspace       used 35166K, committed 35520K, reserved 1081344K
  class space    used 4888K, committed 5056K, reserved 1048576K
}
Event: 3.965 GC heap before
{Heap before GC invocations=12 (full 0):
 garbage-first heap   total 101376K, used 75486K [0x0000000080000000, 0x0000000100000000)
  region size 1024K, 19 young (19456K), 1 survivors (1024K)
 Metaspace       used 40464K, committed 40896K, reserved 1089536K
  class space    used 5481K, committed 5696K, reserved 1048576K
}
Event: 3.967 GC heap after
{Heap after GC invocations=13 (full 0):
 garbage-first heap   total 101376K, used 60549K [0x0000000080000000, 0x0000000100000000)
  region size 1024K, 3 young (3072K), 3 survivors (3072K)
 Metaspace       used 40464K, committed 40896K, reserved 1089536K
  class space    used 5481K, committed 5696K, reserved 1048576K
}
Event: 4.122 GC heap before
{Heap before GC invocations=13 (full 0):
 garbage-first heap   total 101376K, used 80005K [0x0000000080000000, 0x0000000100000000)
  region size 1024K, 23 young (23552K), 3 survivors (3072K)
 Metaspace       used 41670K, committed 42048K, reserved 1089536K
  class space    used 5572K, committed 5760K, reserved 1048576K
}
Event: 4.126 GC heap after
{Heap after GC invocations=14 (full 0):
 garbage-first heap   total 101376K, used 64385K [0x0000000080000000, 0x0000000100000000)
  region size 1024K, 3 young (3072K), 3 survivors (3072K)
 Metaspace       used 41670K, committed 42048K, reserved 1089536K
  class space    used 5572K, committed 5760K, reserved 1048576K
}
Event: 4.199 GC heap before
{Heap before GC invocations=15 (full 0):
 garbage-first heap   total 112640K, used 70529K [0x0000000080000000, 0x0000000100000000)
  region size 1024K, 11 young (11264K), 3 survivors (3072K)
 Metaspace       used 42100K, committed 42560K, reserved 1089536K
  class space    used 5618K, committed 5824K, reserved 1048576K
}
Event: 4.201 GC heap after
{Heap after GC invocations=16 (full 0):
 garbage-first heap   total 112640K, used 64691K [0x0000000080000000, 0x0000000100000000)
  region size 1024K, 2 young (2048K), 2 survivors (2048K)
 Metaspace       used 42100K, committed 42560K, reserved 1089536K
  class space    used 5618K, committed 5824K, reserved 1048576K
}

