# JRE version: OpenJDK Runtime Environment (17.0.6) (build 17.0.6+0-b2043.56-9586694)
# Java VM: OpenJDK 64-Bit Server VM (17.0.6+0-b2043.56-9586694, mixed mode, tiered, compressed oops, compressed class ptrs, g1 gc, windows-amd64)
GC Precious Log:
 CPUs: 8 total, 8 available
 Memory: 7959M
 Large Page Support: Disabled
 NUMA Support: Disabled
 Compressed Oops: Enabled (32-bit)
 Heap Region Size: 1M
 Heap Min Capacity: 8M
 Heap Initial Capacity: 126M
 Heap Max Capacity: 2G
 Pre-touch: Disabled
 Parallel Workers: 8
 Concurrent Workers: 2
 Concurrent Refinement Workers: 8
 Periodic GC: Disabled
Heap:
 garbage-first heap   total 129024K, used 59542K [0x0000000080000000, 0x0000000100000000)
  region size 1024K, 5 young (5120K), 5 survivors (5120K)
 Metaspace       used 69329K, committed 69952K, reserved 1114112K
  class space    used 9173K, committed 9472K, reserved 1048576K
GC Heap History (20 events):
Event: 3.931 GC heap after
{Heap after GC invocations=11 (full 0):
 garbage-first heap   total 65536K, used 27417K [0x0000000080000000, 0x0000000100000000)
  region size 1024K, 4 young (4096K), 4 survivors (4096K)
 Metaspace       used 40338K, committed 40704K, reserved 1089536K
  class space    used 5350K, committed 5504K, reserved 1048576K
}
Event: 3.934 GC heap before
{Heap before GC invocations=11 (full 0):
 garbage-first heap   total 65536K, used 28441K [0x0000000080000000, 0x0000000100000000)
  region size 1024K, 5 young (5120K), 4 survivors (4096K)
 Metaspace       used 40338K, committed 40704K, reserved 1089536K
  class space    used 5350K, committed 5504K, reserved 1048576K
}
Event: 3.937 GC heap after
{Heap after GC invocations=12 (full 0):
 garbage-first heap   total 108544K, used 27990K [0x0000000080000000, 0x0000000100000000)
  region size 1024K, 1 young (1024K), 1 survivors (1024K)
 Metaspace       used 40338K, committed 40704K, reserved 1089536K
  class space    used 5350K, committed 5504K, reserved 1048576K
}
Event: 4.636 GC heap before
{Heap before GC invocations=12 (full 0):
 garbage-first heap   total 108544K, used 84310K [0x0000000080000000, 0x0000000100000000)
  region size 1024K, 53 young (54272K), 1 survivors (1024K)
 Metaspace       used 45547K, committed 45888K, reserved 1089536K
  class space    used 6045K, committed 6208K, reserved 1048576K
}
Event: 4.640 GC heap after
{Heap after GC invocations=13 (full 0):
 garbage-first heap   total 108544K, used 33002K [0x0000000080000000, 0x0000000100000000)
  region size 1024K, 6 young (6144K), 6 survivors (6144K)
 Metaspace       used 45547K, committed 45888K, reserved 1089536K
  class space    used 6045K, committed 6208K, reserved 1048576K
}
Event: 5.383 GC heap before
{Heap before GC invocations=13 (full 0):
 garbage-first heap   total 108544K, used 80106K [0x0000000080000000, 0x0000000100000000)
  region size 1024K, 52 young (53248K), 6 survivors (6144K)
 Metaspace       used 51219K, committed 51712K, reserved 1097728K
  class space    used 6764K, committed 6976K, reserved 1048576K
}
Event: 5.388 GC heap after
{Heap after GC invocations=14 (full 0):
 garbage-first heap   total 108544K, used 36217K [0x0000000080000000, 0x0000000100000000)
  region size 1024K, 4 young (4096K), 4 survivors (4096K)
 Metaspace       used 51219K, committed 51712K, reserved 1097728K
  class space    used 6764K, committed 6976K, reserved 1048576K
}
Event: 5.866 GC heap before
{Heap before GC invocations=14 (full 0):
 garbage-first heap   total 108544K, used 84345K [0x0000000080000000, 0x0000000100000000)
  region size 1024K, 49 young (50176K), 4 survivors (4096K)
 Metaspace       used 53760K, committed 54208K, reserved 1097728K
  class space    used 7096K, committed 7296K, reserved 1048576K
}
Event: 5.871 GC heap after
{Heap after GC invocations=15 (full 0):
 garbage-first heap   total 108544K, used 45991K [0x0000000080000000, 0x0000000100000000)
  region size 1024K, 7 young (7168K), 7 survivors (7168K)
 Metaspace       used 53760K, committed 54208K, reserved 1097728K
  class space    used 7096K, committed 7296K, reserved 1048576K
}
Event: 6.456 GC heap before
{Heap before GC invocations=15 (full 0):
 garbage-first heap   total 108544K, used 81831K [0x0000000080000000, 0x0000000100000000)
  region size 1024K, 43 young (44032K), 7 survivors (7168K)
 Metaspace       used 59772K, committed 60288K, reserved 1105920K
  class space    used 7897K, committed 8128K, reserved 1048576K
}
Event: 6.460 GC heap after
{Heap after GC invocations=16 (full 0):
 garbage-first heap   total 108544K, used 47987K [0x0000000080000000, 0x0000000100000000)
  region size 1024K, 2 young (2048K), 2 survivors (2048K)
 Metaspace       used 59772K, committed 60288K, reserved 1105920K
  class space    used 7897K, committed 8128K, reserved 1048576K
}
Event: 6.676 GC heap before
{Heap before GC invocations=17 (full 0):
 garbage-first heap   total 108544K, used 66419K [0x0000000080000000, 0x0000000100000000)
  region size 1024K, 19 young (19456K), 2 survivors (2048K)
 Metaspace       used 62414K, committed 62848K, reserved 1105920K
  class space    used 8252K, committed 8448K, reserved 1048576K
}
Event: 6.679 GC heap after
{Heap after GC invocations=18 (full 0):
 garbage-first heap   total 108544K, used 52541K [0x0000000080000000, 0x0000000100000000)
  region size 1024K, 5 young (5120K), 5 survivors (5120K)
 Metaspace       used 62414K, committed 62848K, reserved 1105920K
  class space    used 8252K, committed 8448K, reserved 1048576K
}
Event: 7.010 GC heap before
{Heap before GC invocations=19 (full 0):
 garbage-first heap   total 112640K, used 84285K [0x0000000080000000, 0x0000000100000000)
  region size 1024K, 33 young (33792K), 5 survivors (5120K)
 Metaspace       used 64686K, committed 65216K, reserved 1105920K
  class space    used 8543K, committed 8768K, reserved 1048576K
}
Event: 7.013 GC heap after
{Heap after GC invocations=20 (full 0):
 garbage-first heap   total 112640K, used 52508K [0x0000000080000000, 0x0000000100000000)
  region size 1024K, 3 young (3072K), 3 survivors (3072K)
 Metaspace       used 64686K, committed 65216K, reserved 1105920K
  class space    used 8543K, committed 8768K, reserved 1048576K
}
Event: 7.305 GC heap before
{Heap before GC invocations=20 (full 0):
 garbage-first heap   total 112640K, used 75036K [0x0000000080000000, 0x0000000100000000)
  region size 1024K, 26 young (26624K), 3 survivors (3072K)
 Metaspace       used 66621K, committed 67072K, reserved 1114112K
  class space    used 8769K, committed 8960K, reserved 1048576K
}
Event: 7.308 GC heap after
{Heap after GC invocations=21 (full 0):
 garbage-first heap   total 112640K, used 54637K [0x0000000080000000, 0x0000000100000000)
  region size 1024K, 5 young (5120K), 5 survivors (5120K)
 Metaspace       used 66621K, committed 67072K, reserved 1114112K
  class space    used 8769K, committed 8960K, reserved 1048576K
}
Event: 7.616 GC heap before
{Heap before GC invocations=22 (full 0):
 garbage-first heap   total 112640K, used 88429K [0x0000000080000000, 0x0000000100000000)
  region size 1024K, 37 young (37888K), 5 survivors (5120K)
 Metaspace       used 67642K, committed 68224K, reserved 1114112K
  class space    used 8935K, committed 9216K, reserved 1048576K
}
Event: 7.621 GC heap after
{Heap after GC invocations=23 (full 0):
 garbage-first heap   total 112640K, used 56802K [0x0000000080000000, 0x0000000100000000)
  region size 1024K, 5 young (5120K), 5 survivors (5120K)
 Metaspace       used 67642K, committed 68224K, reserved 1114112K
  class space    used 8935K, committed 9216K, reserved 1048576K
}
Event: 7.912 GC heap before
{Heap before GC invocations=23 (full 0):
 garbage-first heap   total 112640K, used 89570K [0x0000000080000000, 0x0000000100000000)
  region size 1024K, 37 young (37888K), 5 survivors (5120K)
 Metaspace       used 69329K, committed 69952K, reserved 1114112K
  class space    used 9173K, committed 9472K, reserved 1048576K
}

