# JRE version: OpenJDK Runtime Environment (17.0.6) (build 17.0.6+0-b2043.56-9586694)
# Java VM: OpenJDK 64-Bit Server VM (17.0.6+0-b2043.56-9586694, mixed mode, tiered, compressed oops, compressed class ptrs, g1 gc, windows-amd64)
GC Precious Log:
 CPUs: 8 total, 8 available
 Memory: 7959M
 Large Page Support: Disabled
 NUMA Support: Disabled
 Compressed Oops: Enabled (32-bit)
 Heap Region Size: 1M
 Heap Min Capacity: 8M
 Heap Initial Capacity: 126M
 Heap Max Capacity: 2G
 Pre-touch: Disabled
 Parallel Workers: 8
 Concurrent Workers: 2
 Concurrent Refinement Workers: 8
 Periodic GC: Disabled
Heap:
 garbage-first heap   total 129024K, used 63311K [0x0000000080000000, 0x0000000100000000)
  region size 1024K, 3 young (3072K), 3 survivors (3072K)
 Metaspace       used 74064K, committed 74688K, reserved 1114112K
  class space    used 10034K, committed 10304K, reserved 1048576K
GC Heap History (20 events):
Event: 6.178 GC heap after
{Heap after GC invocations=18 (full 0):
 garbage-first heap   total 86016K, used 49661K [0x0000000080000000, 0x0000000100000000)
  region size 1024K, 1 young (1024K), 1 survivors (1024K)
 Metaspace       used 61850K, committed 62336K, reserved 1105920K
  class space    used 8184K, committed 8384K, reserved 1048576K
}
Event: 6.258 GC heap before
{Heap before GC invocations=18 (full 0):
 garbage-first heap   total 86016K, used 51709K [0x0000000080000000, 0x0000000100000000)
  region size 1024K, 4 young (4096K), 1 survivors (1024K)
 Metaspace       used 62459K, committed 62976K, reserved 1105920K
  class space    used 8258K, committed 8512K, reserved 1048576K
}
Event: 6.260 GC heap after
{Heap after GC invocations=19 (full 0):
 garbage-first heap   total 107520K, used 50136K [0x0000000080000000, 0x0000000100000000)
  region size 1024K, 2 young (2048K), 2 survivors (2048K)
 Metaspace       used 62459K, committed 62976K, reserved 1105920K
  class space    used 8258K, committed 8512K, reserved 1048576K
}
Event: 6.621 GC heap before
{Heap before GC invocations=20 (full 0):
 garbage-first heap   total 109568K, used 89048K [0x0000000080000000, 0x0000000100000000)
  region size 1024K, 34 young (34816K), 2 survivors (2048K)
 Metaspace       used 64831K, committed 65344K, reserved 1105920K
  class space    used 8558K, committed 8768K, reserved 1048576K
}
Event: 6.624 GC heap after
{Heap after GC invocations=21 (full 0):
 garbage-first heap   total 109568K, used 52819K [0x0000000080000000, 0x0000000100000000)
  region size 1024K, 4 young (4096K), 4 survivors (4096K)
 Metaspace       used 64831K, committed 65344K, reserved 1105920K
  class space    used 8558K, committed 8768K, reserved 1048576K
}
Event: 6.640 GC heap before
{Heap before GC invocations=21 (full 0):
 garbage-first heap   total 109568K, used 53843K [0x0000000080000000, 0x0000000100000000)
  region size 1024K, 5 young (5120K), 4 survivors (4096K)
 Metaspace       used 64903K, committed 65408K, reserved 1105920K
  class space    used 8566K, committed 8768K, reserved 1048576K
}
Event: 6.643 GC heap after
{Heap after GC invocations=22 (full 0):
 garbage-first heap   total 109568K, used 53187K [0x0000000080000000, 0x0000000100000000)
  region size 1024K, 1 young (1024K), 1 survivors (1024K)
 Metaspace       used 64903K, committed 65408K, reserved 1105920K
  class space    used 8566K, committed 8768K, reserved 1048576K
}
Event: 6.824 GC heap before
{Heap before GC invocations=22 (full 0):
 garbage-first heap   total 109568K, used 73667K [0x0000000080000000, 0x0000000100000000)
  region size 1024K, 22 young (22528K), 1 survivors (1024K)
 Metaspace       used 66652K, committed 67136K, reserved 1114112K
  class space    used 8770K, committed 8960K, reserved 1048576K
}
Event: 6.826 GC heap after
{Heap after GC invocations=23 (full 0):
 garbage-first heap   total 109568K, used 54868K [0x0000000080000000, 0x0000000100000000)
  region size 1024K, 3 young (3072K), 3 survivors (3072K)
 Metaspace       used 66652K, committed 67136K, reserved 1114112K
  class space    used 8770K, committed 8960K, reserved 1048576K
}
Event: 7.063 GC heap before
{Heap before GC invocations=24 (full 0):
 garbage-first heap   total 109568K, used 86612K [0x0000000080000000, 0x0000000100000000)
  region size 1024K, 33 young (33792K), 3 survivors (3072K)
 Metaspace       used 67676K, committed 68288K, reserved 1114112K
  class space    used 8938K, committed 9216K, reserved 1048576K
}
Event: 7.067 GC heap after
{Heap after GC invocations=25 (full 0):
 garbage-first heap   total 109568K, used 56786K [0x0000000080000000, 0x0000000100000000)
  region size 1024K, 5 young (5120K), 5 survivors (5120K)
 Metaspace       used 67676K, committed 68288K, reserved 1114112K
  class space    used 8938K, committed 9216K, reserved 1048576K
}
Event: 7.072 GC heap before
{Heap before GC invocations=25 (full 0):
 garbage-first heap   total 109568K, used 57810K [0x0000000080000000, 0x0000000100000000)
  region size 1024K, 6 young (6144K), 5 survivors (5120K)
 Metaspace       used 67677K, committed 68288K, reserved 1114112K
  class space    used 8938K, committed 9216K, reserved 1048576K
}
Event: 7.076 GC heap after
{Heap after GC invocations=26 (full 0):
 garbage-first heap   total 109568K, used 56961K [0x0000000080000000, 0x0000000100000000)
  region size 1024K, 1 young (1024K), 1 survivors (1024K)
 Metaspace       used 67677K, committed 68288K, reserved 1114112K
  class space    used 8938K, committed 9216K, reserved 1048576K
}
Event: 7.321 GC heap before
{Heap before GC invocations=26 (full 0):
 garbage-first heap   total 109568K, used 87681K [0x0000000080000000, 0x0000000100000000)
  region size 1024K, 31 young (31744K), 1 survivors (1024K)
 Metaspace       used 69106K, committed 69696K, reserved 1114112K
  class space    used 9137K, committed 9408K, reserved 1048576K
}
Event: 7.324 GC heap after
{Heap after GC invocations=27 (full 0):
 garbage-first heap   total 109568K, used 59043K [0x0000000080000000, 0x0000000100000000)
  region size 1024K, 3 young (3072K), 3 survivors (3072K)
 Metaspace       used 69106K, committed 69696K, reserved 1114112K
  class space    used 9137K, committed 9408K, reserved 1048576K
}
Event: 7.713 GC heap before
{Heap before GC invocations=28 (full 0):
 garbage-first heap   total 109568K, used 88739K [0x0000000080000000, 0x0000000100000000)
  region size 1024K, 32 young (32768K), 3 survivors (3072K)
 Metaspace       used 72818K, committed 73408K, reserved 1114112K
  class space    used 9849K, committed 10112K, reserved 1048576K
}
Event: 7.716 GC heap after
{Heap after GC invocations=29 (full 0):
 garbage-first heap   total 109568K, used 60991K [0x0000000080000000, 0x0000000100000000)
  region size 1024K, 2 young (2048K), 2 survivors (2048K)
 Metaspace       used 72818K, committed 73408K, reserved 1114112K
  class space    used 9849K, committed 10112K, reserved 1048576K
}
Event: 7.754 GC heap before
{Heap before GC invocations=29 (full 0):
 garbage-first heap   total 109568K, used 64063K [0x0000000080000000, 0x0000000100000000)
  region size 1024K, 5 young (5120K), 2 survivors (2048K)
 Metaspace       used 73125K, committed 73792K, reserved 1114112K
  class space    used 9889K, committed 10176K, reserved 1048576K
}
Event: 7.756 GC heap after
{Heap after GC invocations=30 (full 0):
 garbage-first heap   total 109568K, used 61111K [0x0000000080000000, 0x0000000100000000)
  region size 1024K, 1 young (1024K), 1 survivors (1024K)
 Metaspace       used 73125K, committed 73792K, reserved 1114112K
  class space    used 9889K, committed 10176K, reserved 1048576K
}
Event: 7.918 GC heap before
{Heap before GC invocations=30 (full 0):
 garbage-first heap   total 109568K, used 89783K [0x0000000080000000, 0x0000000100000000)
  region size 1024K, 29 young (29696K), 1 survivors (1024K)
 Metaspace       used 74064K, committed 74688K, reserved 1114112K
  class space    used 10034K, committed 10304K, reserved 1048576K
}

