# JRE version: OpenJDK Runtime Environment (17.0.6) (build 17.0.6+0-b2043.56-9586694)
# Java VM: OpenJDK 64-Bit Server VM (17.0.6+0-b2043.56-9586694, mixed mode, tiered, compressed oops, compressed class ptrs, g1 gc, windows-amd64)
GC Precious Log:
 CPUs: 8 total, 8 available
 Memory: 7959M
 Large Page Support: Disabled
 NUMA Support: Disabled
 Compressed Oops: Enabled (32-bit)
 Heap Region Size: 1M
 Heap Min Capacity: 8M
 Heap Initial Capacity: 126M
 Heap Max Capacity: 2G
 Pre-touch: Disabled
 Parallel Workers: 8
 Concurrent Workers: 2
 Concurrent Refinement Workers: 8
 Periodic GC: Disabled
Heap:
 garbage-first heap   total 115712K, used 81207K [0x0000000080000000, 0x0000000100000000)
  region size 1024K, 25 young (25600K), 1 survivors (1024K)
 Metaspace       used 39439K, committed 39872K, reserved 1089536K
  class space    used 5330K, committed 5504K, reserved 1048576K
GC Heap History (18 events):
Event: 0.806 GC heap before
{Heap before GC invocations=0 (full 0):
 garbage-first heap   total 129024K, used 26624K [0x0000000080000000, 0x0000000100000000)
  region size 1024K, 23 young (23552K), 0 survivors (0K)
 Metaspace       used 10249K, committed 10432K, reserved 1064960K
  class space    used 1058K, committed 1152K, reserved 1048576K
}
Event: 0.810 GC heap after
{Heap after GC invocations=1 (full 0):
 garbage-first heap   total 129024K, used 10414K [0x0000000080000000, 0x0000000100000000)
  region size 1024K, 3 young (3072K), 3 survivors (3072K)
 Metaspace       used 10249K, committed 10432K, reserved 1064960K
  class space    used 1058K, committed 1152K, reserved 1048576K
}
Event: 1.094 GC heap before
{Heap before GC invocations=1 (full 0):
 garbage-first heap   total 129024K, used 40110K [0x0000000080000000, 0x0000000100000000)
  region size 1024K, 32 young (32768K), 3 survivors (3072K)
 Metaspace       used 11196K, committed 11456K, reserved 1064960K
  class space    used 1161K, committed 1280K, reserved 1048576K
}
Event: 1.099 GC heap after
{Heap after GC invocations=2 (full 0):
 garbage-first heap   total 129024K, used 14877K [0x0000000080000000, 0x0000000100000000)
  region size 1024K, 4 young (4096K), 4 survivors (4096K)
 Metaspace       used 11196K, committed 11456K, reserved 1064960K
  class space    used 1161K, committed 1280K, reserved 1048576K
}
Event: 1.957 GC heap before
{Heap before GC invocations=2 (full 0):
 garbage-first heap   total 129024K, used 50717K [0x0000000080000000, 0x0000000100000000)
  region size 1024K, 40 young (40960K), 4 survivors (4096K)
 Metaspace       used 21284K, committed 21504K, reserved 1073152K
  class space    used 2571K, committed 2688K, reserved 1048576K
}
Event: 1.961 GC heap after
{Heap after GC invocations=3 (full 0):
 garbage-first heap   total 129024K, used 19070K [0x0000000080000000, 0x0000000100000000)
  region size 1024K, 9 young (9216K), 9 survivors (9216K)
 Metaspace       used 21284K, committed 21504K, reserved 1073152K
  class space    used 2571K, committed 2688K, reserved 1048576K
}
Event: 2.477 GC heap before
{Heap before GC invocations=4 (full 0):
 garbage-first heap   total 71680K, used 52862K [0x0000000080000000, 0x0000000100000000)
  region size 1024K, 42 young (43008K), 9 survivors (9216K)
 Metaspace       used 26427K, committed 26752K, reserved 1073152K
  class space    used 3484K, committed 3648K, reserved 1048576K
}
Event: 2.482 GC heap after
{Heap after GC invocations=5 (full 0):
 garbage-first heap   total 71680K, used 20874K [0x0000000080000000, 0x0000000100000000)
  region size 1024K, 3 young (3072K), 3 survivors (3072K)
 Metaspace       used 26427K, committed 26752K, reserved 1073152K
  class space    used 3484K, committed 3648K, reserved 1048576K
}
Event: 2.812 GC heap before
{Heap before GC invocations=5 (full 0):
 garbage-first heap   total 71680K, used 50570K [0x0000000080000000, 0x0000000100000000)
  region size 1024K, 24 young (24576K), 3 survivors (3072K)
 Metaspace       used 29322K, committed 29696K, reserved 1081344K
  class space    used 3983K, committed 4160K, reserved 1048576K
}
Event: 2.816 GC heap after
{Heap after GC invocations=6 (full 0):
 garbage-first heap   total 71680K, used 35072K [0x0000000080000000, 0x0000000100000000)
  region size 1024K, 4 young (4096K), 4 survivors (4096K)
 Metaspace       used 29322K, committed 29696K, reserved 1081344K
  class space    used 3983K, committed 4160K, reserved 1048576K
}
Event: 2.828 GC heap before
{Heap before GC invocations=6 (full 0):
 garbage-first heap   total 71680K, used 45312K [0x0000000080000000, 0x0000000100000000)
  region size 1024K, 5 young (5120K), 4 survivors (4096K)
 Metaspace       used 29323K, committed 29696K, reserved 1081344K
  class space    used 3983K, committed 4160K, reserved 1048576K
}
Event: 2.830 GC heap after
{Heap after GC invocations=7 (full 0):
 garbage-first heap   total 71680K, used 45503K [0x0000000080000000, 0x0000000100000000)
  region size 1024K, 1 young (1024K), 1 survivors (1024K)
 Metaspace       used 29323K, committed 29696K, reserved 1081344K
  class space    used 3983K, committed 4160K, reserved 1048576K
}
Event: 2.852 GC heap before
{Heap before GC invocations=8 (full 0):
 garbage-first heap   total 83968K, used 53695K [0x0000000080000000, 0x0000000100000000)
  region size 1024K, 2 young (2048K), 1 survivors (1024K)
 Metaspace       used 29324K, committed 29696K, reserved 1081344K
  class space    used 3983K, committed 4160K, reserved 1048576K
}
Event: 2.853 GC heap after
{Heap after GC invocations=9 (full 0):
 garbage-first heap   total 83968K, used 53848K [0x0000000080000000, 0x0000000100000000)
  region size 1024K, 1 young (1024K), 1 survivors (1024K)
 Metaspace       used 29324K, committed 29696K, reserved 1081344K
  class space    used 3983K, committed 4160K, reserved 1048576K
}
Event: 3.033 GC heap before
{Heap before GC invocations=10 (full 0):
 garbage-first heap   total 96256K, used 66136K [0x0000000080000000, 0x0000000100000000)
  region size 1024K, 13 young (13312K), 1 survivors (1024K)
 Metaspace       used 30847K, committed 31232K, reserved 1081344K
  class space    used 4219K, committed 4416K, reserved 1048576K
}
Event: 3.035 GC heap after
{Heap after GC invocations=11 (full 0):
 garbage-first heap   total 96256K, used 56569K [0x0000000080000000, 0x0000000100000000)
  region size 1024K, 2 young (2048K), 2 survivors (2048K)
 Metaspace       used 30847K, committed 31232K, reserved 1081344K
  class space    used 4219K, committed 4416K, reserved 1048576K
}
Event: 3.353 GC heap before
{Heap before GC invocations=11 (full 0):
 garbage-first heap   total 96256K, used 75001K [0x0000000080000000, 0x0000000100000000)
  region size 1024K, 20 young (20480K), 2 survivors (2048K)
 Metaspace       used 33288K, committed 33664K, reserved 1081344K
  class space    used 4619K, committed 4800K, reserved 1048576K
}
Event: 3.355 GC heap after
{Heap after GC invocations=12 (full 0):
 garbage-first heap   total 115712K, used 57655K [0x0000000080000000, 0x0000000100000000)
  region size 1024K, 1 young (1024K), 1 survivors (1024K)
 Metaspace       used 33288K, committed 33664K, reserved 1081344K
  class space    used 4619K, committed 4800K, reserved 1048576K
}

