# JRE version: OpenJDK Runtime Environment (17.0.6) (build 17.0.6+0-b2043.56-9586694)
# Java VM: OpenJDK 64-Bit Server VM (17.0.6+0-b2043.56-9586694, mixed mode, tiered, compressed oops, compressed class ptrs, g1 gc, windows-amd64)
GC Precious Log:
 CPUs: 8 total, 8 available
 Memory: 7959M
 Large Page Support: Disabled
 NUMA Support: Disabled
 Compressed Oops: Enabled (32-bit)
 Heap Region Size: 1M
 Heap Min Capacity: 8M
 Heap Initial Capacity: 126M
 Heap Max Capacity: 2G
 Pre-touch: Disabled
 Parallel Workers: 8
 Concurrent Workers: 2
 Concurrent Refinement Workers: 8
 Periodic GC: Disabled
Heap:
 garbage-first heap   total 167936K, used 107715K [0x0000000080000000, 0x0000000100000000)
  region size 1024K, 6 young (6144K), 6 survivors (6144K)
 Metaspace       used 91348K, committed 92160K, reserved 1130496K
  class space    used 12368K, committed 12736K, reserved 1048576K
GC Heap History (20 events):
Event: 9.689 GC heap after
{Heap after GC invocations=27 (full 0):
 garbage-first heap   total 134144K, used 67476K [0x0000000080000000, 0x0000000100000000)
  region size 1024K, 4 young (4096K), 4 survivors (4096K)
 Metaspace       used 76737K, committed 77376K, reserved 1122304K
  class space    used 10530K, committed 10816K, reserved 1048576K
}
Event: 14.990 GC heap before
{Heap before GC invocations=27 (full 0):
 garbage-first heap   total 134144K, used 104340K [0x0000000080000000, 0x0000000100000000)
  region size 1024K, 41 young (41984K), 4 survivors (4096K)
 Metaspace       used 77757K, committed 78400K, reserved 1122304K
  class space    used 10609K, committed 10880K, reserved 1048576K
}
Event: 14.996 GC heap after
{Heap after GC invocations=28 (full 0):
 garbage-first heap   total 134144K, used 71906K [0x0000000080000000, 0x0000000100000000)
  region size 1024K, 5 young (5120K), 5 survivors (5120K)
 Metaspace       used 77757K, committed 78400K, reserved 1122304K
  class space    used 10609K, committed 10880K, reserved 1048576K
}
Event: 15.411 GC heap before
{Heap before GC invocations=29 (full 0):
 garbage-first heap   total 134144K, used 105698K [0x0000000080000000, 0x0000000100000000)
  region size 1024K, 38 young (38912K), 5 survivors (5120K)
 Metaspace       used 81242K, committed 81920K, reserved 1122304K
  class space    used 11169K, committed 11456K, reserved 1048576K
}
Event: 15.416 GC heap after
{Heap after GC invocations=30 (full 0):
 garbage-first heap   total 134144K, used 74092K [0x0000000080000000, 0x0000000100000000)
  region size 1024K, 3 young (3072K), 3 survivors (3072K)
 Metaspace       used 81242K, committed 81920K, reserved 1122304K
  class space    used 11169K, committed 11456K, reserved 1048576K
}
Event: 15.452 GC heap before
{Heap before GC invocations=30 (full 0):
 garbage-first heap   total 134144K, used 77164K [0x0000000080000000, 0x0000000100000000)
  region size 1024K, 6 young (6144K), 3 survivors (3072K)
 Metaspace       used 81590K, committed 82176K, reserved 1122304K
  class space    used 11222K, committed 11456K, reserved 1048576K
}
Event: 15.455 GC heap after
{Heap after GC invocations=31 (full 0):
 garbage-first heap   total 134144K, used 74634K [0x0000000080000000, 0x0000000100000000)
  region size 1024K, 1 young (1024K), 1 survivors (1024K)
 Metaspace       used 81590K, committed 82176K, reserved 1122304K
  class space    used 11222K, committed 11456K, reserved 1048576K
}
Event: 15.779 GC heap before
{Heap before GC invocations=31 (full 0):
 garbage-first heap   total 134144K, used 108426K [0x0000000080000000, 0x0000000100000000)
  region size 1024K, 34 young (34816K), 1 survivors (1024K)
 Metaspace       used 84483K, committed 85184K, reserved 1130496K
  class space    used 11583K, committed 11904K, reserved 1048576K
}
Event: 15.783 GC heap after
{Heap after GC invocations=32 (full 0):
 garbage-first heap   total 161792K, used 77570K [0x0000000080000000, 0x0000000100000000)
  region size 1024K, 4 young (4096K), 4 survivors (4096K)
 Metaspace       used 84483K, committed 85184K, reserved 1130496K
  class space    used 11583K, committed 11904K, reserved 1048576K
}
Event: 16.266 GC heap before
{Heap before GC invocations=33 (full 0):
 garbage-first heap   total 161792K, used 128770K [0x0000000080000000, 0x0000000100000000)
  region size 1024K, 55 young (56320K), 4 survivors (4096K)
 Metaspace       used 87081K, committed 87744K, reserved 1130496K
  class space    used 11866K, committed 12160K, reserved 1048576K
}
Event: 16.274 GC heap after
{Heap after GC invocations=34 (full 0):
 garbage-first heap   total 161792K, used 85576K [0x0000000080000000, 0x0000000100000000)
  region size 1024K, 7 young (7168K), 7 survivors (7168K)
 Metaspace       used 87081K, committed 87744K, reserved 1130496K
  class space    used 11866K, committed 12160K, reserved 1048576K
}
Event: 16.285 GC heap before
{Heap before GC invocations=34 (full 0):
 garbage-first heap   total 161792K, used 86600K [0x0000000080000000, 0x0000000100000000)
  region size 1024K, 8 young (8192K), 7 survivors (7168K)
 Metaspace       used 87097K, committed 87808K, reserved 1130496K
  class space    used 11866K, committed 12160K, reserved 1048576K
}
Event: 16.292 GC heap after
{Heap after GC invocations=35 (full 0):
 garbage-first heap   total 161792K, used 85241K [0x0000000080000000, 0x0000000100000000)
  region size 1024K, 1 young (1024K), 1 survivors (1024K)
 Metaspace       used 87097K, committed 87808K, reserved 1130496K
  class space    used 11866K, committed 12160K, reserved 1048576K
}
Event: 16.660 GC heap before
{Heap before GC invocations=35 (full 0):
 garbage-first heap   total 161792K, used 128249K [0x0000000080000000, 0x0000000100000000)
  region size 1024K, 44 young (45056K), 1 survivors (1024K)
 Metaspace       used 87945K, committed 88640K, reserved 1130496K
  class space    used 11992K, committed 12288K, reserved 1048576K
}
Event: 16.663 GC heap after
{Heap after GC invocations=36 (full 0):
 garbage-first heap   total 161792K, used 88115K [0x0000000080000000, 0x0000000100000000)
  region size 1024K, 4 young (4096K), 4 survivors (4096K)
 Metaspace       used 87945K, committed 88640K, reserved 1130496K
  class space    used 11992K, committed 12288K, reserved 1048576K
}
Event: 17.141 GC heap before
{Heap before GC invocations=37 (full 0):
 garbage-first heap   total 167936K, used 130099K [0x0000000080000000, 0x0000000100000000)
  region size 1024K, 46 young (47104K), 4 survivors (4096K)
 Metaspace       used 90850K, committed 91648K, reserved 1130496K
  class space    used 12366K, committed 12736K, reserved 1048576K
}
Event: 17.146 GC heap after
{Heap after GC invocations=38 (full 0):
 garbage-first heap   total 167936K, used 91294K [0x0000000080000000, 0x0000000100000000)
  region size 1024K, 4 young (4096K), 4 survivors (4096K)
 Metaspace       used 90850K, committed 91648K, reserved 1130496K
  class space    used 12366K, committed 12736K, reserved 1048576K
}
Event: 17.268 GC heap before
{Heap before GC invocations=38 (full 0):
 garbage-first heap   total 167936K, used 94366K [0x0000000080000000, 0x0000000100000000)
  region size 1024K, 8 young (8192K), 4 survivors (4096K)
 Metaspace       used 90977K, committed 91776K, reserved 1130496K
  class space    used 12366K, committed 12736K, reserved 1048576K
}
Event: 17.273 GC heap after
{Heap after GC invocations=39 (full 0):
 garbage-first heap   total 167936K, used 91102K [0x0000000080000000, 0x0000000100000000)
  region size 1024K, 1 young (1024K), 1 survivors (1024K)
 Metaspace       used 90977K, committed 91776K, reserved 1130496K
  class space    used 12366K, committed 12736K, reserved 1048576K
}
Event: 17.899 GC heap before
{Heap before GC invocations=39 (full 0):
 garbage-first heap   total 167936K, used 138206K [0x0000000080000000, 0x0000000100000000)
  region size 1024K, 45 young (46080K), 1 survivors (1024K)
 Metaspace       used 91348K, committed 92160K, reserved 1130496K
  class space    used 12368K, committed 12736K, reserved 1048576K
}

