# JRE version: OpenJDK Runtime Environment (17.0.6) (build 17.0.6+0-b2043.56-9586694)
# Java VM: OpenJDK 64-Bit Server VM (17.0.6+0-b2043.56-9586694, mixed mode, tiered, compressed oops, compressed class ptrs, g1 gc, windows-amd64)
GC Precious Log:
 CPUs: 8 total, 8 available
 Memory: 7959M
 Large Page Support: Disabled
 NUMA Support: Disabled
 Compressed Oops: Enabled (32-bit)
 Heap Region Size: 1M
 Heap Min Capacity: 8M
 Heap Initial Capacity: 126M
 Heap Max Capacity: 2G
 Pre-touch: Disabled
 Parallel Workers: 8
 Concurrent Workers: 2
 Concurrent Refinement Workers: 8
 Periodic GC: Disabled
Heap:
 garbage-first heap   total 88064K, used 48652K [0x0000000080000000, 0x0000000100000000)
  region size 1024K, 1 young (1024K), 1 survivors (1024K)
 Metaspace       used 56296K, committed 56768K, reserved 1097728K
  class space    used 7431K, committed 7616K, reserved 1048576K
GC Heap History (20 events):
Event: 2.642 GC heap after
{Heap after GC invocations=6 (full 0):
 garbage-first heap   total 68608K, used 22163K [0x0000000080000000, 0x0000000100000000)
  region size 1024K, 4 young (4096K), 4 survivors (4096K)
 Metaspace       used 30389K, committed 30720K, reserved 1081344K
  class space    used 4132K, committed 4288K, reserved 1048576K
}
Event: 2.993 GC heap before
{Heap before GC invocations=6 (full 0):
 garbage-first heap   total 68608K, used 48787K [0x0000000080000000, 0x0000000100000000)
  region size 1024K, 30 young (30720K), 4 survivors (4096K)
 Metaspace       used 34804K, committed 35200K, reserved 1081344K
  class space    used 4828K, committed 4992K, reserved 1048576K
}
Event: 2.996 GC heap after
{Heap after GC invocations=7 (full 0):
 garbage-first heap   total 68608K, used 23916K [0x0000000080000000, 0x0000000100000000)
  region size 1024K, 4 young (4096K), 4 survivors (4096K)
 Metaspace       used 34804K, committed 35200K, reserved 1081344K
  class space    used 4828K, committed 4992K, reserved 1048576K
}
Event: 3.045 GC heap before
{Heap before GC invocations=7 (full 0):
 garbage-first heap   total 68608K, used 25964K [0x0000000080000000, 0x0000000100000000)
  region size 1024K, 8 young (8192K), 4 survivors (4096K)
 Metaspace       used 35583K, committed 35968K, reserved 1081344K
  class space    used 4874K, committed 5056K, reserved 1048576K
}
Event: 3.047 GC heap after
{Heap after GC invocations=8 (full 0):
 garbage-first heap   total 68608K, used 24427K [0x0000000080000000, 0x0000000100000000)
  region size 1024K, 3 young (3072K), 3 survivors (3072K)
 Metaspace       used 35583K, committed 35968K, reserved 1081344K
  class space    used 4874K, committed 5056K, reserved 1048576K
}
Event: 3.341 GC heap before
{Heap before GC invocations=9 (full 0):
 garbage-first heap   total 68608K, used 49003K [0x0000000080000000, 0x0000000100000000)
  region size 1024K, 28 young (28672K), 3 survivors (3072K)
 Metaspace       used 40352K, committed 40704K, reserved 1089536K
  class space    used 5353K, committed 5504K, reserved 1048576K
}
Event: 3.346 GC heap after
{Heap after GC invocations=10 (full 0):
 garbage-first heap   total 68608K, used 28440K [0x0000000080000000, 0x0000000100000000)
  region size 1024K, 4 young (4096K), 4 survivors (4096K)
 Metaspace       used 40352K, committed 40704K, reserved 1089536K
  class space    used 5353K, committed 5504K, reserved 1048576K
}
Event: 3.584 GC heap before
{Heap before GC invocations=10 (full 0):
 garbage-first heap   total 68608K, used 54040K [0x0000000080000000, 0x0000000100000000)
  region size 1024K, 26 young (26624K), 4 survivors (4096K)
 Metaspace       used 42526K, committed 42880K, reserved 1089536K
  class space    used 5563K, committed 5696K, reserved 1048576K
}
Event: 3.588 GC heap after
{Heap after GC invocations=11 (full 0):
 garbage-first heap   total 82944K, used 30287K [0x0000000080000000, 0x0000000100000000)
  region size 1024K, 3 young (3072K), 3 survivors (3072K)
 Metaspace       used 42526K, committed 42880K, reserved 1089536K
  class space    used 5563K, committed 5696K, reserved 1048576K
}
Event: 3.966 GC heap before
{Heap before GC invocations=11 (full 0):
 garbage-first heap   total 82944K, used 62031K [0x0000000080000000, 0x0000000100000000)
  region size 1024K, 34 young (34816K), 3 survivors (3072K)
 Metaspace       used 45565K, committed 46016K, reserved 1089536K
  class space    used 6051K, committed 6272K, reserved 1048576K
}
Event: 3.970 GC heap after
{Heap after GC invocations=12 (full 0):
 garbage-first heap   total 82944K, used 33088K [0x0000000080000000, 0x0000000100000000)
  region size 1024K, 5 young (5120K), 5 survivors (5120K)
 Metaspace       used 45565K, committed 46016K, reserved 1089536K
  class space    used 6051K, committed 6272K, reserved 1048576K
}
Event: 4.371 GC heap before
{Heap before GC invocations=12 (full 0):
 garbage-first heap   total 82944K, used 62784K [0x0000000080000000, 0x0000000100000000)
  region size 1024K, 34 young (34816K), 5 survivors (5120K)
 Metaspace       used 49647K, committed 49984K, reserved 1097728K
  class space    used 6561K, committed 6720K, reserved 1048576K
}
Event: 4.377 GC heap after
{Heap after GC invocations=13 (full 0):
 garbage-first heap   total 82944K, used 34697K [0x0000000080000000, 0x0000000100000000)
  region size 1024K, 2 young (2048K), 2 survivors (2048K)
 Metaspace       used 49647K, committed 49984K, reserved 1097728K
  class space    used 6561K, committed 6720K, reserved 1048576K
}
Event: 4.906 GC heap before
{Heap before GC invocations=13 (full 0):
 garbage-first heap   total 82944K, used 63369K [0x0000000080000000, 0x0000000100000000)
  region size 1024K, 31 young (31744K), 2 survivors (2048K)
 Metaspace       used 51485K, committed 51904K, reserved 1097728K
  class space    used 6798K, committed 6976K, reserved 1048576K
}
Event: 4.909 GC heap after
{Heap after GC invocations=14 (full 0):
 garbage-first heap   total 82944K, used 37741K [0x0000000080000000, 0x0000000100000000)
  region size 1024K, 4 young (4096K), 4 survivors (4096K)
 Metaspace       used 51485K, committed 51904K, reserved 1097728K
  class space    used 6798K, committed 6976K, reserved 1048576K
}
Event: 5.147 GC heap before
{Heap before GC invocations=14 (full 0):
 garbage-first heap   total 82944K, used 54125K [0x0000000080000000, 0x0000000100000000)
  region size 1024K, 20 young (20480K), 4 survivors (4096K)
 Metaspace       used 51963K, committed 52416K, reserved 1097728K
  class space    used 6849K, committed 7040K, reserved 1048576K
}
Event: 5.151 GC heap after
{Heap after GC invocations=15 (full 0):
 garbage-first heap   total 82944K, used 45898K [0x0000000080000000, 0x0000000100000000)
  region size 1024K, 4 young (4096K), 4 survivors (4096K)
 Metaspace       used 51963K, committed 52416K, reserved 1097728K
  class space    used 6849K, committed 7040K, reserved 1048576K
}
Event: 5.355 GC heap before
{Heap before GC invocations=16 (full 0):
 garbage-first heap   total 83968K, used 62282K [0x0000000080000000, 0x0000000100000000)
  region size 1024K, 20 young (20480K), 4 survivors (4096K)
 Metaspace       used 53908K, committed 54400K, reserved 1097728K
  class space    used 7129K, committed 7360K, reserved 1048576K
}
Event: 5.357 GC heap after
{Heap after GC invocations=17 (full 0):
 garbage-first heap   total 83968K, used 47885K [0x0000000080000000, 0x0000000100000000)
  region size 1024K, 2 young (2048K), 2 survivors (2048K)
 Metaspace       used 53908K, committed 54400K, reserved 1097728K
  class space    used 7129K, committed 7360K, reserved 1048576K
}
Event: 5.565 GC heap before
{Heap before GC invocations=17 (full 0):
 garbage-first heap   total 83968K, used 63245K [0x0000000080000000, 0x0000000100000000)
  region size 1024K, 17 young (17408K), 2 survivors (2048K)
 Metaspace       used 56296K, committed 56768K, reserved 1097728K
  class space    used 7431K, committed 7616K, reserved 1048576K
}

